2016-03-29 11:00:29,164 - socket_app_py - INFO - Creating the server socket...
2016-03-29 11:00:29,202 - socket_app_py - INFO - Server socket created successfully
2016-03-29 11:00:30,062 - socket_app_py - INFO - Error while trying to create the socket with ip '192.168.99.1:7070'


2016-03-29 11:00:30,062 - socket_app_py - DEBUG - Traceback (most recent call last):
  File "C:\Users\Dani\PycharmProjects\SSII_Proyecto_3\server_socket.py", line 74, in __init__
    server_side=True)
  File "C:\Users\Dani\AppData\Local\Programs\Python\Python35-32\lib\ssl.py", line 1064, in wrap_socket
    ciphers=ciphers)
  File "C:\Users\Dani\AppData\Local\Programs\Python\Python35-32\lib\ssl.py", line 686, in __init__
    self._context.load_cert_chain(certfile, keyfile)
FileNotFoundError: [Errno 2] No such file or directory



2016-03-29 11:00:30,064 - socket_app_py - INFO - Starting server...
2016-03-29 11:00:30,064 - socket_app_py - INFO - Server socket started successfully. The server will run forever

2016-03-29 11:00:30,064 - socket_app_py - INFO - Error while trying to start the server.


2016-03-29 11:00:30,065 - socket_app_py - DEBUG - Traceback (most recent call last):
  File "C:\Users\Dani\PycharmProjects\SSII_Proyecto_3\server_socket.py", line 87, in run_server
    self.socket.serve_forever()  # The server will run forever
AttributeError: 'SSLServerSocket' object has no attribute 'socket'



2016-03-29 11:01:00,081 - socket_app_py - INFO - Stopping the server...
2016-03-29 11:01:00,081 - socket_app_py - INFO - Error while trying to stop the server.


2016-03-29 11:01:00,082 - socket_app_py - DEBUG - Traceback (most recent call last):
  File "C:\Users\Dani\PycharmProjects\SSII_Proyecto_3\server_socket.py", line 103, in stop_server
    self.socket.shutdown()  # To close the server
AttributeError: 'SSLServerSocket' object has no attribute 'socket'



2016-03-29 11:01:02,148 - socket_app_py - INFO - Stopping the server...
2016-03-29 11:01:02,148 - socket_app_py - INFO - Error while trying to stop the server.


2016-03-29 11:01:02,149 - socket_app_py - DEBUG - Traceback (most recent call last):
  File "C:\Users\Dani\PycharmProjects\SSII_Proyecto_3\server_socket.py", line 103, in stop_server
    self.socket.shutdown()  # To close the server
AttributeError: 'SSLServerSocket' object has no attribute 'socket'



2016-03-29 11:01:02,149 - socket_app_py - INFO - Closing the server...
2016-03-29 11:01:02,149 - socket_app_py - INFO - Error while trying to close the server.


2016-03-29 11:01:02,149 - socket_app_py - DEBUG - Traceback (most recent call last):
  File "C:\Users\Dani\PycharmProjects\SSII_Proyecto_3\server_socket.py", line 113, in close_server
    self.socket.server_close()  # To close the server
AttributeError: 'SSLServerSocket' object has no attribute 'socket'



2016-03-29 11:01:05,646 - socket_app_py - INFO - Creating the server socket...
2016-03-29 11:01:05,647 - socket_app_py - INFO - Server socket created successfully
2016-03-29 11:01:06,417 - socket_app_py - INFO - Error while trying to create the socket with ip '192.168.99.1:7070'


2016-03-29 11:01:06,418 - socket_app_py - DEBUG - Traceback (most recent call last):
  File "C:\Users\Dani\PycharmProjects\SSII_Proyecto_3\server_socket.py", line 74, in __init__
    server_side=True)
  File "C:\Users\Dani\AppData\Local\Programs\Python\Python35-32\lib\ssl.py", line 1064, in wrap_socket
    ciphers=ciphers)
  File "C:\Users\Dani\AppData\Local\Programs\Python\Python35-32\lib\ssl.py", line 686, in __init__
    self._context.load_cert_chain(certfile, keyfile)
ssl.SSLError: [SSL] PEM lib (_ssl.c:2824)



2016-03-29 11:01:06,419 - socket_app_py - INFO - Starting server...
2016-03-29 11:01:06,419 - socket_app_py - INFO - Server socket started successfully. The server will run forever

2016-03-29 11:01:06,419 - socket_app_py - INFO - Error while trying to start the server.


2016-03-29 11:01:06,419 - socket_app_py - DEBUG - Traceback (most recent call last):
  File "C:\Users\Dani\PycharmProjects\SSII_Proyecto_3\server_socket.py", line 87, in run_server
    self.socket.serve_forever()  # The server will run forever
AttributeError: 'SSLServerSocket' object has no attribute 'socket'



2016-03-29 11:01:51,671 - socket_app_py - INFO - Stopping the server...
2016-03-29 11:01:51,671 - socket_app_py - INFO - Error while trying to stop the server.


2016-03-29 11:01:51,671 - socket_app_py - DEBUG - Traceback (most recent call last):
  File "C:\Users\Dani\PycharmProjects\SSII_Proyecto_3\server_socket.py", line 103, in stop_server
    self.socket.shutdown()  # To close the server
AttributeError: 'SSLServerSocket' object has no attribute 'socket'



2016-03-29 11:01:55,104 - socket_app_py - INFO - Stopping the server...
2016-03-29 11:01:55,104 - socket_app_py - INFO - Error while trying to stop the server.


2016-03-29 11:01:55,104 - socket_app_py - DEBUG - Traceback (most recent call last):
  File "C:\Users\Dani\PycharmProjects\SSII_Proyecto_3\server_socket.py", line 103, in stop_server
    self.socket.shutdown()  # To close the server
AttributeError: 'SSLServerSocket' object has no attribute 'socket'



2016-03-29 11:01:55,105 - socket_app_py - INFO - Closing the server...
2016-03-29 11:01:55,105 - socket_app_py - INFO - Error while trying to close the server.


2016-03-29 11:01:55,105 - socket_app_py - DEBUG - Traceback (most recent call last):
  File "C:\Users\Dani\PycharmProjects\SSII_Proyecto_3\server_socket.py", line 113, in close_server
    self.socket.server_close()  # To close the server
AttributeError: 'SSLServerSocket' object has no attribute 'socket'



2016-03-29 11:11:22,541 - socket_app_py - INFO - Creating the server socket...
2016-03-29 11:11:22,542 - socket_app_py - INFO - Server socket created successfully
2016-03-29 11:11:23,290 - socket_app_py - INFO - Error while trying to create the socket with ip '192.168.99.1:7070'


2016-03-29 11:11:23,290 - socket_app_py - DEBUG - Traceback (most recent call last):
  File "C:\Users\Dani\PycharmProjects\SSII_Proyecto_3\server_socket.py", line 75, in __init__
    server_side=True)
  File "C:\Users\Dani\AppData\Local\Programs\Python\Python35-32\lib\ssl.py", line 1064, in wrap_socket
    ciphers=ciphers)
  File "C:\Users\Dani\AppData\Local\Programs\Python\Python35-32\lib\ssl.py", line 686, in __init__
    self._context.load_cert_chain(certfile, keyfile)
ssl.SSLError: [SSL] PEM lib (_ssl.c:2824)



2016-03-29 11:11:23,291 - socket_app_py - INFO - Starting server...
2016-03-29 11:11:23,291 - socket_app_py - INFO - Server socket started successfully. The server will run forever

2016-03-29 11:11:23,291 - socket_app_py - INFO - Error while trying to start the server.


2016-03-29 11:11:23,291 - socket_app_py - DEBUG - Traceback (most recent call last):
  File "C:\Users\Dani\PycharmProjects\SSII_Proyecto_3\server_socket.py", line 88, in run_server
    self.socket.serve_forever()  # The server will run forever
AttributeError: 'SSLServerSocket' object has no attribute 'socket'



2016-03-29 11:15:34,402 - socket_app_py - INFO - Stopping the server...
2016-03-29 11:15:34,402 - socket_app_py - INFO - Error while trying to stop the server.


2016-03-29 11:15:34,402 - socket_app_py - DEBUG - Traceback (most recent call last):
  File "C:\Users\Dani\PycharmProjects\SSII_Proyecto_3\server_socket.py", line 104, in stop_server
    self.socket.shutdown()  # To close the server
AttributeError: 'SSLServerSocket' object has no attribute 'socket'



2016-03-29 11:15:34,402 - socket_app_py - INFO - Closing the server...
2016-03-29 11:15:34,402 - socket_app_py - INFO - Error while trying to close the server.


2016-03-29 11:15:34,403 - socket_app_py - DEBUG - Traceback (most recent call last):
  File "C:\Users\Dani\PycharmProjects\SSII_Proyecto_3\server_socket.py", line 114, in close_server
    self.socket.server_close()  # To close the server
AttributeError: 'SSLServerSocket' object has no attribute 'socket'



2016-03-29 11:36:47,017 - socket_app_py - INFO - Creating the server socket...
2016-03-29 11:36:47,018 - socket_app_py - INFO - Server socket created successfully
2016-03-29 11:36:47,834 - socket_app_py - INFO - Error while trying to create the socket with ip '192.168.99.1:7070'


2016-03-29 11:36:47,834 - socket_app_py - DEBUG - Traceback (most recent call last):
  File "C:\Users\Dani\PycharmProjects\SSII_Proyecto_3\server_socket.py", line 75, in __init__
    server_side=True)
  File "C:\Users\Dani\AppData\Local\Programs\Python\Python35-32\lib\ssl.py", line 1064, in wrap_socket
    ciphers=ciphers)
  File "C:\Users\Dani\AppData\Local\Programs\Python\Python35-32\lib\ssl.py", line 686, in __init__
    self._context.load_cert_chain(certfile, keyfile)
ssl.SSLError: [SSL] PEM lib (_ssl.c:2824)



2016-03-29 11:36:47,835 - socket_app_py - INFO - Starting server...
2016-03-29 11:36:47,835 - socket_app_py - INFO - Server socket started successfully. The server will run forever

2016-03-29 11:36:47,835 - socket_app_py - INFO - Error while trying to start the server.


2016-03-29 11:36:47,836 - socket_app_py - DEBUG - Traceback (most recent call last):
  File "C:\Users\Dani\PycharmProjects\SSII_Proyecto_3\server_socket.py", line 88, in run_server
    self.socket.serve_forever()  # The server will run forever
AttributeError: 'SSLServerSocket' object has no attribute 'socket'



2016-03-29 11:36:56,690 - socket_app_py - INFO - Stopping the server...
2016-03-29 11:36:56,690 - socket_app_py - INFO - Error while trying to stop the server.


2016-03-29 11:36:56,690 - socket_app_py - DEBUG - Traceback (most recent call last):
  File "C:\Users\Dani\PycharmProjects\SSII_Proyecto_3\server_socket.py", line 104, in stop_server
    self.socket.shutdown()  # To close the server
AttributeError: 'SSLServerSocket' object has no attribute 'socket'



2016-03-29 11:37:56,473 - socket_app_py - INFO - Stopping the server...
2016-03-29 11:37:56,473 - socket_app_py - INFO - Error while trying to stop the server.


2016-03-29 11:37:56,473 - socket_app_py - DEBUG - Traceback (most recent call last):
  File "C:\Users\Dani\PycharmProjects\SSII_Proyecto_3\server_socket.py", line 104, in stop_server
    self.socket.shutdown()  # To close the server
AttributeError: 'SSLServerSocket' object has no attribute 'socket'



2016-03-29 11:37:56,473 - socket_app_py - INFO - Closing the server...
2016-03-29 11:37:56,473 - socket_app_py - INFO - Error while trying to close the server.


2016-03-29 11:37:56,474 - socket_app_py - DEBUG - Traceback (most recent call last):
  File "C:\Users\Dani\PycharmProjects\SSII_Proyecto_3\server_socket.py", line 114, in close_server
    self.socket.server_close()  # To close the server
AttributeError: 'SSLServerSocket' object has no attribute 'socket'



2016-03-29 11:44:21,966 - socket_app_py - INFO - Creating the server socket...
2016-03-29 11:44:21,967 - socket_app_py - INFO - Server socket created successfully
2016-03-29 11:44:21,969 - socket_app_py - INFO - Error while trying to create the socket with ip '192.168.99.1:7070'


2016-03-29 11:44:21,969 - socket_app_py - DEBUG - Traceback (most recent call last):
  File "C:\Users\Dani\PycharmProjects\SSII_Proyecto_3\server_socket.py", line 75, in __init__
    server_side=True)
  File "C:\Users\Dani\AppData\Local\Programs\Python\Python35-32\lib\ssl.py", line 1064, in wrap_socket
    ciphers=ciphers)
  File "C:\Users\Dani\AppData\Local\Programs\Python\Python35-32\lib\ssl.py", line 675, in __init__
    raise ValueError("certfile must be specified for server-side "
ValueError: certfile must be specified for server-side operations



2016-03-29 11:44:21,970 - socket_app_py - INFO - Starting server...
2016-03-29 11:44:21,970 - socket_app_py - INFO - Server socket started successfully. The server will run forever

2016-03-29 11:44:21,970 - socket_app_py - INFO - Error while trying to start the server.


2016-03-29 11:44:21,971 - socket_app_py - DEBUG - Traceback (most recent call last):
  File "C:\Users\Dani\PycharmProjects\SSII_Proyecto_3\server_socket.py", line 88, in run_server
    self.socket.serve_forever()  # The server will run forever
AttributeError: 'SSLServerSocket' object has no attribute 'socket'



2016-03-29 11:44:32,609 - socket_app_py - INFO - Creating the server socket...
2016-03-29 11:44:32,610 - socket_app_py - INFO - Server socket created successfully
2016-03-29 11:44:33,354 - socket_app_py - INFO - Error while trying to create the socket with ip '192.168.99.1:7070'


2016-03-29 11:44:33,354 - socket_app_py - DEBUG - Traceback (most recent call last):
  File "C:\Users\Dani\PycharmProjects\SSII_Proyecto_3\server_socket.py", line 75, in __init__
    server_side=True)
  File "C:\Users\Dani\AppData\Local\Programs\Python\Python35-32\lib\ssl.py", line 1064, in wrap_socket
    ciphers=ciphers)
  File "C:\Users\Dani\AppData\Local\Programs\Python\Python35-32\lib\ssl.py", line 686, in __init__
    self._context.load_cert_chain(certfile, keyfile)
ssl.SSLError: [SSL] PEM lib (_ssl.c:2824)



2016-03-29 11:44:33,355 - socket_app_py - INFO - Starting server...
2016-03-29 11:44:33,355 - socket_app_py - INFO - Server socket started successfully. The server will run forever

2016-03-29 11:44:33,355 - socket_app_py - INFO - Error while trying to start the server.


2016-03-29 11:44:33,356 - socket_app_py - DEBUG - Traceback (most recent call last):
  File "C:\Users\Dani\PycharmProjects\SSII_Proyecto_3\server_socket.py", line 88, in run_server
    self.socket.serve_forever()  # The server will run forever
AttributeError: 'SSLServerSocket' object has no attribute 'socket'



2016-03-29 11:47:46,247 - socket_app_py - INFO - Stopping the server...
2016-03-29 11:47:46,247 - socket_app_py - INFO - Error while trying to stop the server.


2016-03-29 11:47:46,248 - socket_app_py - DEBUG - Traceback (most recent call last):
  File "C:\Users\Dani\PycharmProjects\SSII_Proyecto_3\server_socket.py", line 104, in stop_server
    self.socket.shutdown()  # To close the server
AttributeError: 'SSLServerSocket' object has no attribute 'socket'



2016-03-29 11:47:46,248 - socket_app_py - INFO - Closing the server...
2016-03-29 11:47:46,248 - socket_app_py - INFO - Error while trying to close the server.


2016-03-29 11:47:46,248 - socket_app_py - DEBUG - Traceback (most recent call last):
  File "C:\Users\Dani\PycharmProjects\SSII_Proyecto_3\server_socket.py", line 114, in close_server
    self.socket.server_close()  # To close the server
AttributeError: 'SSLServerSocket' object has no attribute 'socket'



2016-03-29 11:47:47,135 - socket_app_py - INFO - Creating the server socket...
2016-03-29 11:47:47,136 - socket_app_py - INFO - Server socket created successfully
2016-03-29 11:48:43,460 - socket_app_py - INFO - Error while trying to create the socket with ip '192.168.99.1:7070'


2016-03-29 11:48:43,462 - socket_app_py - DEBUG - Traceback (most recent call last):
  File "C:/Users/Dani/PycharmProjects/SSII_Proyecto_3\server_socket.py", line 75, in __init__
    server_side=True)
  File "C:\Users\Dani\AppData\Local\Programs\Python\Python35-32\lib\ssl.py", line 1064, in wrap_socket
    ciphers=ciphers)
  File "C:\Users\Dani\AppData\Local\Programs\Python\Python35-32\lib\ssl.py", line 686, in __init__
    self._context.load_cert_chain(certfile, keyfile)
ssl.SSLError: [SSL] PEM lib (_ssl.c:2824)



2016-03-29 11:48:53,162 - socket_app_py - INFO - Starting server...
2016-03-29 11:48:53,165 - socket_app_py - INFO - Server socket started successfully. The server will run forever

2016-03-29 11:48:53,166 - socket_app_py - INFO - Error while trying to start the server.


2016-03-29 11:48:53,169 - socket_app_py - DEBUG - Traceback (most recent call last):
  File "C:/Users/Dani/PycharmProjects/SSII_Proyecto_3\server_socket.py", line 88, in run_server
    self.socket.serve_forever()  # The server will run forever
AttributeError: 'SSLServerSocket' object has no attribute 'socket'



2016-03-29 11:52:44,944 - socket_app_py - INFO - Creating the server socket...
2016-03-29 11:52:44,946 - socket_app_py - INFO - Server socket created successfully
2016-03-29 11:53:45,514 - socket_app_py - INFO - Creating the server socket...
2016-03-29 11:53:45,515 - socket_app_py - INFO - Server socket created successfully
2016-03-29 11:55:07,249 - socket_app_py - INFO - Error while trying to create the socket with ip '192.168.99.1:7070'


2016-03-29 11:55:07,251 - socket_app_py - DEBUG - Traceback (most recent call last):
  File "C:/Users/Dani/PycharmProjects/SSII_Proyecto_3\server_socket.py", line 75, in __init__
    server_side=True)
  File "C:\Users\Dani\AppData\Local\Programs\Python\Python35-32\lib\ssl.py", line 1064, in wrap_socket
    ciphers=ciphers)
  File "C:\Users\Dani\AppData\Local\Programs\Python\Python35-32\lib\ssl.py", line 686, in __init__
    self._context.load_cert_chain(certfile, keyfile)
ssl.SSLError: [SSL] PEM lib (_ssl.c:2824)



2016-03-29 11:55:07,252 - socket_app_py - INFO - Starting server...
2016-03-29 11:55:07,253 - socket_app_py - INFO - Server socket started successfully. The server will run forever

2016-03-29 11:55:07,253 - socket_app_py - INFO - Error while trying to start the server.


2016-03-29 11:55:07,255 - socket_app_py - DEBUG - Traceback (most recent call last):
  File "C:/Users/Dani/PycharmProjects/SSII_Proyecto_3\server_socket.py", line 88, in run_server
    self.socket.serve_forever()  # The server will run forever
AttributeError: 'SSLServerSocket' object has no attribute 'socket'



2016-03-29 12:00:32,096 - socket_app_py - INFO - Stopping the server...
2016-03-29 12:00:32,097 - socket_app_py - INFO - Error while trying to stop the server.


2016-03-29 12:00:32,098 - socket_app_py - DEBUG - Traceback (most recent call last):
  File "C:/Users/Dani/PycharmProjects/SSII_Proyecto_3\server_socket.py", line 104, in stop_server
    self.socket.shutdown()  # To close the server
AttributeError: 'SSLServerSocket' object has no attribute 'socket'



2016-03-29 12:00:32,098 - socket_app_py - INFO - Closing the server...
2016-03-29 12:00:32,099 - socket_app_py - INFO - Error while trying to close the server.


2016-03-29 12:00:32,100 - socket_app_py - DEBUG - Traceback (most recent call last):
  File "C:/Users/Dani/PycharmProjects/SSII_Proyecto_3\server_socket.py", line 114, in close_server
    self.socket.server_close()  # To close the server
AttributeError: 'SSLServerSocket' object has no attribute 'socket'



2016-03-29 12:00:38,306 - socket_app_py - INFO - Creating the server socket...
2016-03-29 12:00:38,307 - socket_app_py - INFO - Server socket created successfully
2016-03-29 12:01:37,842 - socket_app_py - INFO - Creating the server socket...
2016-03-29 12:01:37,845 - socket_app_py - INFO - Server socket created successfully
2016-03-29 12:15:51,246 - socket_app_py - INFO - Creating the server socket...
2016-03-29 12:15:51,247 - socket_app_py - INFO - Server socket created successfully
2016-03-29 12:30:33,909 - socket_app_py - INFO - Creating the server socket...
2016-03-29 12:30:33,986 - socket_app_py - INFO - Server socket created successfully
2016-03-29 12:30:34,852 - socket_app_py - INFO - Error while trying to create the socket with ip '192.168.99.1:7070'


2016-03-29 12:30:34,853 - socket_app_py - DEBUG - Traceback (most recent call last):
  File "C:\Users\Dani\PycharmProjects\SSII_Proyecto_3\server_socket.py", line 75, in __init__
    server_side=True)
  File "C:\Users\Dani\AppData\Local\Programs\Python\Python35-32\lib\ssl.py", line 1064, in wrap_socket
    ciphers=ciphers)
  File "C:\Users\Dani\AppData\Local\Programs\Python\Python35-32\lib\ssl.py", line 699, in __init__
    if sock.getsockopt(SOL_SOCKET, SO_TYPE) != SOCK_STREAM:
AttributeError: 'TCPServer' object has no attribute 'getsockopt'



2016-03-29 12:30:34,854 - socket_app_py - INFO - Starting server...
2016-03-29 12:30:34,855 - socket_app_py - INFO - Server socket started successfully. The server will run forever

2016-03-29 12:30:34,855 - socket_app_py - INFO - Error while trying to start the server.


2016-03-29 12:30:34,856 - socket_app_py - DEBUG - Traceback (most recent call last):
  File "C:\Users\Dani\PycharmProjects\SSII_Proyecto_3\server_socket.py", line 88, in run_server
    self.socket.serve_forever()  # The server will run forever
AttributeError: 'SSLServerSocket' object has no attribute 'socket'



2016-03-29 12:31:11,321 - socket_app_py - INFO - Stopping the server...
2016-03-29 12:31:11,321 - socket_app_py - INFO - Error while trying to stop the server.


2016-03-29 12:31:11,322 - socket_app_py - DEBUG - Traceback (most recent call last):
  File "C:\Users\Dani\PycharmProjects\SSII_Proyecto_3\server_socket.py", line 104, in stop_server
    self.socket.shutdown()  # To close the server
AttributeError: 'SSLServerSocket' object has no attribute 'socket'



2016-03-29 12:31:13,633 - socket_app_py - INFO - Stopping the server...
2016-03-29 12:31:13,633 - socket_app_py - INFO - Error while trying to stop the server.


2016-03-29 12:31:13,634 - socket_app_py - DEBUG - Traceback (most recent call last):
  File "C:\Users\Dani\PycharmProjects\SSII_Proyecto_3\server_socket.py", line 104, in stop_server
    self.socket.shutdown()  # To close the server
AttributeError: 'SSLServerSocket' object has no attribute 'socket'



2016-03-29 12:31:13,634 - socket_app_py - INFO - Closing the server...
2016-03-29 12:31:13,634 - socket_app_py - INFO - Error while trying to close the server.


2016-03-29 12:31:13,634 - socket_app_py - DEBUG - Traceback (most recent call last):
  File "C:\Users\Dani\PycharmProjects\SSII_Proyecto_3\server_socket.py", line 114, in close_server
    self.socket.server_close()  # To close the server
AttributeError: 'SSLServerSocket' object has no attribute 'socket'



2016-03-29 12:39:17,596 - socket_app_py - INFO - Creating the server socket...
2016-03-29 12:39:17,597 - socket_app_py - INFO - Server socket created successfully
2016-03-29 12:40:48,005 - socket_app_py - INFO - Creating the server socket...
2016-03-29 12:40:48,006 - socket_app_py - INFO - Server socket created successfully
2016-03-29 12:40:48,751 - socket_app_py - INFO - Error while trying to create the socket with ip '192.168.99.1:7070'


2016-03-29 12:40:48,752 - socket_app_py - DEBUG - Traceback (most recent call last):
  File "C:\Users\Dani\PycharmProjects\SSII_Proyecto_3\server_socket.py", line 75, in __init__
    server_side=True)
  File "C:\Users\Dani\AppData\Local\Programs\Python\Python35-32\lib\ssl.py", line 1064, in wrap_socket
    ciphers=ciphers)
  File "C:\Users\Dani\AppData\Local\Programs\Python\Python35-32\lib\ssl.py", line 699, in __init__
    if sock.getsockopt(SOL_SOCKET, SO_TYPE) != SOCK_STREAM:
AttributeError: 'TCPServer' object has no attribute 'getsockopt'



2016-03-29 12:40:48,752 - socket_app_py - INFO - Starting server...
2016-03-29 12:40:48,753 - socket_app_py - INFO - Server socket started successfully. The server will run forever

2016-03-29 12:40:48,753 - socket_app_py - INFO - Error while trying to start the server.


2016-03-29 12:40:48,753 - socket_app_py - DEBUG - Traceback (most recent call last):
  File "C:\Users\Dani\PycharmProjects\SSII_Proyecto_3\server_socket.py", line 88, in run_server
    self.socket.serve_forever()  # The server will run forever
AttributeError: 'SSLServerSocket' object has no attribute 'socket'



2016-03-29 12:50:58,931 - socket_app_py - INFO - Stopping the server...
2016-03-29 12:50:58,932 - socket_app_py - INFO - Error while trying to stop the server.


2016-03-29 12:50:58,933 - socket_app_py - DEBUG - Traceback (most recent call last):
  File "C:\Users\Dani\PycharmProjects\SSII_Proyecto_3\server_socket.py", line 104, in stop_server
    logger.generate_error_message("Error while trying to start the server.")
AttributeError: 'SSLServerSocket' object has no attribute 'socket'



2016-03-29 12:50:58,933 - socket_app_py - INFO - Closing the server...
2016-03-29 12:50:58,934 - socket_app_py - INFO - Error while trying to close the server.


2016-03-29 12:50:58,934 - socket_app_py - DEBUG - Traceback (most recent call last):
  File "C:\Users\Dani\PycharmProjects\SSII_Proyecto_3\server_socket.py", line 114, in close_server
    logger.generate_error_message("Error while trying to stop the server.")
AttributeError: 'SSLServerSocket' object has no attribute 'socket'



2016-03-29 12:51:00,159 - socket_app_py - INFO - Creating the server socket...
2016-03-29 12:51:00,160 - socket_app_py - INFO - Server socket created successfully
2016-03-29 12:51:01,096 - socket_app_py - INFO - Error while trying to create the socket with ip '192.168.99.1:7070'


2016-03-29 12:51:01,097 - socket_app_py - DEBUG - Traceback (most recent call last):
  File "C:\Users\Dani\PycharmProjects\SSII_Proyecto_3\server_socket.py", line 80, in __init__
    server_side=True)
  File "C:\Users\Dani\AppData\Local\Programs\Python\Python35-32\lib\ssl.py", line 1064, in wrap_socket
    ciphers=ciphers)
  File "C:\Users\Dani\AppData\Local\Programs\Python\Python35-32\lib\ssl.py", line 699, in __init__
    if sock.getsockopt(SOL_SOCKET, SO_TYPE) != SOCK_STREAM:
AttributeError: 'TCPServer' object has no attribute 'getsockopt'



2016-03-29 12:51:01,098 - socket_app_py - INFO - Starting server...
2016-03-29 12:51:01,099 - socket_app_py - INFO - Server socket started successfully. The server will run forever

2016-03-29 12:51:01,099 - socket_app_py - INFO - Error while trying to start the server.


2016-03-29 12:51:01,100 - socket_app_py - DEBUG - Traceback (most recent call last):
  File "C:\Users\Dani\PycharmProjects\SSII_Proyecto_3\server_socket.py", line 93, in run_server
    self.socket.serve_forever()  # The server will run forever
AttributeError: 'SSLServerSocket' object has no attribute 'socket'



2016-03-29 12:53:57,436 - socket_app_py - INFO - Stopping the server...
2016-03-29 12:53:57,436 - socket_app_py - INFO - Error while trying to stop the server.


2016-03-29 12:53:57,437 - socket_app_py - DEBUG - Traceback (most recent call last):
  File "C:\Users\Dani\PycharmProjects\SSII_Proyecto_3\server_socket.py", line 109, in stop_server
    self.socket.shutdown()  # To close the server
AttributeError: 'SSLServerSocket' object has no attribute 'socket'



2016-03-29 12:56:05,658 - socket_app_py - INFO - Creating the server socket...
2016-03-29 12:56:05,659 - socket_app_py - INFO - Server socket created successfully
2016-03-29 12:56:06,427 - socket_app_py - INFO - Error while trying to create the socket with ip '192.168.99.1:7070'


2016-03-29 12:56:06,428 - socket_app_py - DEBUG - Traceback (most recent call last):
  File "C:\Users\Dani\PycharmProjects\SSII_Proyecto_3\server_socket.py", line 81, in __init__
    server_side=True)
  File "C:\Users\Dani\AppData\Local\Programs\Python\Python35-32\lib\ssl.py", line 1064, in wrap_socket
    ciphers=ciphers)
  File "C:\Users\Dani\AppData\Local\Programs\Python\Python35-32\lib\ssl.py", line 699, in __init__
    if sock.getsockopt(SOL_SOCKET, SO_TYPE) != SOCK_STREAM:
AttributeError: 'TCPServer' object has no attribute 'getsockopt'



2016-03-29 12:56:06,428 - socket_app_py - INFO - Starting server...
2016-03-29 12:56:06,428 - socket_app_py - INFO - Server socket started successfully. The server will run forever

2016-03-29 12:56:06,428 - socket_app_py - INFO - Error while trying to start the server.


2016-03-29 12:56:06,429 - socket_app_py - DEBUG - Traceback (most recent call last):
  File "C:\Users\Dani\PycharmProjects\SSII_Proyecto_3\server_socket.py", line 94, in run_server
    self.socket.serve_forever()  # The server will run forever
AttributeError: 'SSLServerSocket' object has no attribute 'socket'



2016-03-29 12:56:31,911 - socket_app_py - INFO - Creating the server socket...
2016-03-29 12:56:31,912 - socket_app_py - INFO - Server socket created successfully
2016-03-29 12:56:32,760 - socket_app_py - INFO - Starting server...
2016-03-29 12:56:32,760 - socket_app_py - INFO - Server socket started successfully. The server will run forever

2016-03-29 12:56:32,760 - socket_app_py - INFO - Error while trying to start the server.


2016-03-29 12:56:32,761 - socket_app_py - DEBUG - Traceback (most recent call last):
  File "C:\Users\Dani\PycharmProjects\SSII_Proyecto_3\server_socket.py", line 94, in run_server
    self.socket.serve_forever()  # The server will run forever
AttributeError: 'SSLSocket' object has no attribute 'serve_forever'



2016-03-29 12:57:13,805 - socket_app_py - INFO - Stopping the server...
2016-03-29 12:57:13,805 - socket_app_py - INFO - Error while trying to stop the server.


2016-03-29 12:57:13,806 - socket_app_py - DEBUG - Traceback (most recent call last):
  File "C:\Users\Dani\PycharmProjects\SSII_Proyecto_3\server_socket.py", line 110, in stop_server
    self.socket.shutdown()  # To close the server
TypeError: shutdown() missing 1 required positional argument: 'how'



2016-03-29 12:57:15,947 - socket_app_py - INFO - Stopping the server...
2016-03-29 12:57:15,947 - socket_app_py - INFO - Error while trying to stop the server.


2016-03-29 12:57:15,948 - socket_app_py - DEBUG - Traceback (most recent call last):
  File "C:\Users\Dani\PycharmProjects\SSII_Proyecto_3\server_socket.py", line 110, in stop_server
    self.socket.shutdown()  # To close the server
TypeError: shutdown() missing 1 required positional argument: 'how'



2016-03-29 12:57:15,948 - socket_app_py - INFO - Closing the server...
2016-03-29 12:57:15,948 - socket_app_py - INFO - Error while trying to close the server.


2016-03-29 12:57:15,948 - socket_app_py - DEBUG - Traceback (most recent call last):
  File "C:\Users\Dani\PycharmProjects\SSII_Proyecto_3\server_socket.py", line 120, in close_server
    self.socket.server_close()  # To close the server
AttributeError: 'SSLSocket' object has no attribute 'server_close'



2016-03-29 13:01:04,987 - socket_app_py - INFO - Creating the server socket...
2016-03-29 13:01:04,988 - socket_app_py - INFO - Server socket created successfully
2016-03-29 13:01:05,712 - socket_app_py - INFO - Starting server...
2016-03-29 13:01:05,713 - socket_app_py - INFO - Server socket started successfully. The server will run forever

2016-03-29 13:01:05,713 - socket_app_py - INFO - Error while trying to start the server.


2016-03-29 13:01:05,713 - socket_app_py - DEBUG - Traceback (most recent call last):
  File "C:\Users\Dani\PycharmProjects\SSII_Proyecto_3\server_socket.py", line 94, in run_server
    self.socket.serve_forever()  # The server will run forever
AttributeError: 'SSLSocket' object has no attribute 'serve_forever'



2016-03-29 13:01:10,681 - socket_app_py - INFO - Stopping the server...
2016-03-29 13:01:10,681 - socket_app_py - INFO - Error while trying to stop the server.


2016-03-29 13:01:10,682 - socket_app_py - DEBUG - Traceback (most recent call last):
  File "C:\Users\Dani\PycharmProjects\SSII_Proyecto_3\server_socket.py", line 110, in stop_server
    self.socket.shutdown(sck.SHUT_RDWR)  # To close the server
  File "C:\Users\Dani\AppData\Local\Programs\Python\Python35-32\lib\ssl.py", line 962, in shutdown
    socket.shutdown(self, how)
OSError: [WinError 10057] No se permitió una solicitud para enviar o recibir datos ya que el socket no está conectado y no se ha proporcionado ninguna dirección, al realizar el envío en un socket de datagramas por medio de una llamada sendto



2016-03-29 13:03:40,979 - socket_app_py - INFO - Creating the server socket...
2016-03-29 13:03:41,004 - socket_app_py - INFO - Error while trying to create the socket with ip '192.168.99.1:7070'


2016-03-29 13:03:41,005 - socket_app_py - DEBUG - Traceback (most recent call last):
  File "C:\Users\Dani\PycharmProjects\SSII_Proyecto_3\server_socket.py", line 74, in __init__
    s = socketserver.TCPServer((host, port), MyTCPHandler, bind_and_activate)
  File "C:\Users\Dani\AppData\Local\Programs\Python\Python35-32\lib\socketserver.py", line 443, in __init__
    self.server_bind()
  File "C:\Users\Dani\AppData\Local\Programs\Python\Python35-32\lib\socketserver.py", line 457, in server_bind
    self.socket.bind(self.server_address)
OSError: [WinError 10048] Solo se permite un uso de cada dirección de socket (protocolo/dirección de red/puerto)



2016-03-29 13:03:41,005 - socket_app_py - INFO - Starting server...
2016-03-29 13:03:41,006 - socket_app_py - INFO - Server socket started successfully. The server will run forever

2016-03-29 13:03:41,006 - socket_app_py - INFO - Error while trying to start the server.


2016-03-29 13:03:41,006 - socket_app_py - DEBUG - Traceback (most recent call last):
  File "C:\Users\Dani\PycharmProjects\SSII_Proyecto_3\server_socket.py", line 94, in run_server
    self.socket.serve_forever()  # The server will run forever
AttributeError: 'SSLServerSocket' object has no attribute 'socket'



2016-03-29 13:04:40,305 - socket_app_py - INFO - Stopping the server...
2016-03-29 13:04:40,305 - socket_app_py - INFO - Error while trying to stop the server.


2016-03-29 13:04:40,305 - socket_app_py - DEBUG - Traceback (most recent call last):
  File "C:\Users\Dani\PycharmProjects\SSII_Proyecto_3\server_socket.py", line 110, in stop_server
    self.socket.shutdown(sck.SHUT_RDWR)  # To close the server
AttributeError: 'SSLServerSocket' object has no attribute 'socket'



2016-03-29 13:04:46,535 - socket_app_py - INFO - Creating the server socket...
2016-03-29 13:04:46,535 - socket_app_py - INFO - Server socket created successfully
2016-03-29 13:04:46,537 - socket_app_py - INFO - Starting server...
2016-03-29 13:04:46,537 - socket_app_py - INFO - Server socket started successfully. The server will run forever

2016-03-29 13:04:46,537 - socket_app_py - INFO - Error while trying to start the server.


2016-03-29 13:04:46,538 - socket_app_py - DEBUG - Traceback (most recent call last):
  File "C:\Users\Dani\PycharmProjects\SSII_Proyecto_3\server_socket.py", line 94, in run_server
    self.socket.serve_forever()  # The server will run forever
AttributeError: 'SSLSocket' object has no attribute 'serve_forever'



2016-03-29 13:09:22,873 - socket_app_py - INFO - Creating the server socket...
2016-03-29 13:09:22,874 - socket_app_py - INFO - Server socket created successfully
2016-03-29 13:09:23,644 - socket_app_py - INFO - Starting server...
2016-03-29 13:09:23,645 - socket_app_py - INFO - Server socket started successfully. The server will run forever

2016-03-29 13:14:31,320 - socket_app_py - INFO - Stopping the server...
2016-03-29 13:14:31,320 - socket_app_py - INFO - Error while trying to stop the server.


2016-03-29 13:14:31,322 - socket_app_py - DEBUG - Traceback (most recent call last):
  File "C:\Users\Dani\PycharmProjects\SSII_Proyecto_3\server_socket.py", line 111, in stop_server
    self.socket.shutdown(sck.SHUT_RDWR)  # To close the server
  File "C:\Users\Dani\AppData\Local\Programs\Python\Python35-32\lib\ssl.py", line 962, in shutdown
    socket.shutdown(self, how)
OSError: [WinError 10057] No se permitió una solicitud para enviar o recibir datos ya que el socket no está conectado y no se ha proporcionado ninguna dirección, al realizar el envío en un socket de datagramas por medio de una llamada sendto



2016-03-29 13:14:45,168 - socket_app_py - INFO - Creating the server socket...
2016-03-29 13:14:45,169 - socket_app_py - INFO - Server socket created successfully
2016-03-29 13:14:45,936 - socket_app_py - INFO - Starting server...
2016-03-29 13:14:45,936 - socket_app_py - INFO - Server socket started successfully. The server will run forever

2016-03-29 13:15:00,782 - socket_app_py - INFO - Stopping the server...
2016-03-29 13:15:00,782 - socket_app_py - INFO - Error while trying to stop the server.


2016-03-29 13:15:00,783 - socket_app_py - DEBUG - Traceback (most recent call last):
  File "C:\Users\Dani\PycharmProjects\SSII_Proyecto_3\server_socket.py", line 111, in stop_server
    self.socket.shutdown(sck.SHUT_RDWR)  # To close the server
  File "C:\Users\Dani\AppData\Local\Programs\Python\Python35-32\lib\ssl.py", line 962, in shutdown
    socket.shutdown(self, how)
OSError: [WinError 10057] No se permitió una solicitud para enviar o recibir datos ya que el socket no está conectado y no se ha proporcionado ninguna dirección, al realizar el envío en un socket de datagramas por medio de una llamada sendto



2016-03-29 23:42:50,421 - socket_app_py - INFO - Creating the server socket...
2016-03-29 23:44:36,220 - socket_app_py - INFO - Creating the server socket...
2016-03-29 23:44:36,222 - socket_app_py - INFO - Starting server...
2016-03-29 23:44:36,222 - socket_app_py - INFO - Server socket started successfully. The server will run forever

2016-03-29 23:44:52,404 - socket_app_py - INFO - Retrieving data...
2016-03-29 23:44:52,404 - socket_app_py - INFO - 127.0.0.1 wrote: hello ~MySSL !
2016-03-29 23:45:09,926 - socket_app_py - INFO - Retrieving data...
2016-03-29 23:45:09,927 - socket_app_py - INFO - 127.0.0.1 wrote: hello ~MySSL !
2016-03-29 23:48:25,332 - socket_app_py - INFO - Creating the server socket...
2016-03-29 23:48:25,334 - socket_app_py - INFO - Starting server...
2016-03-29 23:48:25,334 - socket_app_py - INFO - Server socket started successfully. The server will run forever

2016-03-29 23:52:26,901 - socket_app_py - INFO - Retrieving data...
2016-03-29 23:52:30,379 - socket_app_py - INFO - 127.0.0.1 wrote: {"message": ", , ", "nonce": "15cd280fae5b8426bcc3cd7305266399c2ec934a17c78f021a0df446ab3936d0", "hmac": "a8e627f7e850fd89ff72c7eb37e96f0a19e6a32a78007a86889b61a58a6bb0f6"}
2016-03-29 23:52:30,399 - socket_app_py - DEBUG - Check table statement: SELECT * FROM sqlite_master WHERE name ='transmission' and type='table';
2016-03-29 23:52:30,404 - socket_app_py - INFO - Checking if the table transmission exists...
2016-03-29 23:52:30,404 - socket_app_py - INFO - The table transmission doesn't exists. Creating table...
2016-03-29 23:52:30,524 - socket_app_py - INFO - Table 'transmission' created correctly

2016-03-29 23:52:30,524 - socket_app_py - INFO - Checking the NONCE...
2016-03-29 23:52:30,527 - socket_app_py - INFO - The NONCE 15cd280fae5b8426bcc3cd7305266399c2ec934a17c78f021a0df446ab3936d0 isn't in the database
2016-03-29 23:52:30,528 - socket_app_py - INFO - Checking the integrity of the message ', , '
2016-03-29 23:52:30,528 - socket_app_py - INFO - The integrity of the message ', , ' is correct
2016-03-29 23:52:30,530 - socket_app_py - INFO - Inserting NONCE in the Data Base...
2016-03-29 23:52:30,530 - socket_app_py - DEBUG - INSERT statement: INSERT INTO transmission (nonce, insert_date, hex_hmac, integrity) VALUES ('15cd280fae5b8426bcc3cd7305266399c2ec934a17c78f021a0df446ab3936d0',?,'a8e627f7e850fd89ff72c7eb37e96f0a19e6a32a78007a86889b61a58a6bb0f6',?);
2016-03-29 23:52:30,656 - socket_app_py - INFO - The NONCE has been saved correctly in the Data Base

2016-03-29 23:52:30,656 - socket_app_py - INFO - Sending data back to 127.0.0.1 (client socket).
2016-03-29 23:52:30,656 - socket_app_py - INFO - Data sent.
2016-03-30 00:11:57,610 - socket_app_py - INFO - Stopping the server...
2016-03-30 00:11:57,610 - socket_app_py - INFO - Error while trying to stop the server.


2016-03-30 00:11:57,611 - socket_app_py - DEBUG - Traceback (most recent call last):
  File "C:\Users\Dani\PycharmProjects\SSII_Proyecto_3\server_socket.py", line 113, in stop_server
    self.socket.shutdown(sck.SHUT_RDWR)  # To close the server
TypeError: shutdown() takes 1 positional argument but 2 were given



2016-03-30 00:11:57,611 - socket_app_py - INFO - Closing the server...
2016-03-30 00:11:57,611 - socket_app_py - INFO - Server closed successfully.


2016-03-30 00:11:57,612 - socket_app_py - INFO - Error while trying to start the server.


2016-03-30 00:11:57,640 - socket_app_py - DEBUG - Traceback (most recent call last):
  File "C:\Users\Dani\PycharmProjects\SSII_Proyecto_3\server_socket.py", line 96, in run_server
    self.socket.serve_forever()  # The server will run forever
  File "C:\Users\Dani\AppData\Local\Programs\Python\Python35-32\lib\socketserver.py", line 237, in serve_forever
    ready = selector.select(poll_interval)
  File "C:\Users\Dani\AppData\Local\Programs\Python\Python35-32\lib\selectors.py", line 314, in select
    r, w, _ = self._select(self._readers, self._writers, [], timeout)
  File "C:\Users\Dani\AppData\Local\Programs\Python\Python35-32\lib\selectors.py", line 305, in _select
    r, w, x = select.select(r, w, w, timeout)
OSError: [WinError 10038] Se intentó realizar una operación en un elemento que no es un socket



2016-03-30 00:13:26,501 - socket_app_py - INFO - Creating the server socket...
2016-03-30 00:13:26,503 - socket_app_py - INFO - Starting server...
2016-03-30 00:13:26,503 - socket_app_py - INFO - Server socket started successfully. The server will run forever

2016-03-30 00:13:48,691 - socket_app_py - INFO - Stopping the server...
2016-03-30 00:13:48,691 - socket_app_py - INFO - Error while trying to stop the server.


2016-03-30 00:13:48,692 - socket_app_py - DEBUG - Traceback (most recent call last):
  File "C:\Users\Dani\PycharmProjects\SSII_Proyecto_3\server_socket.py", line 113, in stop_server
    self.socket.shutdown(sck.SHUT_RDWR)  # To close the server
TypeError: shutdown() takes 1 positional argument but 2 were given



2016-03-30 00:14:10,409 - socket_app_py - INFO - Creating the server socket...
2016-03-30 00:14:10,411 - socket_app_py - INFO - Error while trying to create the socket with ip '192.168.99.1:7070'


2016-03-30 00:14:10,412 - socket_app_py - DEBUG - Traceback (most recent call last):
  File "C:\Users\Dani\PycharmProjects\SSII_Proyecto_3\server_socket.py", line 82, in __init__
    s = SSLTCPServerSocket((host, port), MyTCPHandler, certfile, keyfile)
  File "C:\Users\Dani\PycharmProjects\SSII_Proyecto_3\ssl_server_socket.py", line 17, in __init__
    TCPServer.__init__(self, server_address, RequestHandlerClass, bind_and_activate)
  File "C:\Users\Dani\AppData\Local\Programs\Python\Python35-32\lib\socketserver.py", line 443, in __init__
    self.server_bind()
  File "C:\Users\Dani\AppData\Local\Programs\Python\Python35-32\lib\socketserver.py", line 457, in server_bind
    self.socket.bind(self.server_address)
OSError: [WinError 10048] Solo se permite un uso de cada dirección de socket (protocolo/dirección de red/puerto)



2016-03-30 00:14:10,412 - socket_app_py - INFO - Starting server...
2016-03-30 00:14:10,413 - socket_app_py - INFO - Server socket started successfully. The server will run forever

2016-03-30 00:14:10,413 - socket_app_py - INFO - Error while trying to start the server.


2016-03-30 00:14:10,413 - socket_app_py - DEBUG - Traceback (most recent call last):
  File "C:\Users\Dani\PycharmProjects\SSII_Proyecto_3\server_socket.py", line 96, in run_server
    self.socket.serve_forever()  # The server will run forever
AttributeError: 'SSLServerSocket' object has no attribute 'socket'



2016-03-30 00:14:22,828 - socket_app_py - INFO - Retrieving data...
2016-03-30 00:14:34,557 - socket_app_py - INFO - 127.0.0.1 wrote: {"message": "sdfsdfsdf, jljljkljkljkljkl, 456456456456", "nonce": "a1debbbb45bc641d37bd28979c9889d7b76bd33d1e6e27cc6ca7720865e3b6a8", "hmac": "cf0f110f49d6d087d2a7d58ad185bded6e1fb17b6b751b171e1660bb29fe320c"}
2016-03-30 00:14:34,559 - socket_app_py - DEBUG - Check table statement: SELECT * FROM sqlite_master WHERE name ='transmission' and type='table';
2016-03-30 00:14:34,560 - socket_app_py - INFO - Checking if the table transmission exists...
2016-03-30 00:14:34,560 - socket_app_py - INFO - The table transmission already exists

2016-03-30 00:14:34,560 - socket_app_py - INFO - Checking the NONCE...
2016-03-30 00:14:34,585 - socket_app_py - INFO - The NONCE a1debbbb45bc641d37bd28979c9889d7b76bd33d1e6e27cc6ca7720865e3b6a8 isn't in the database
2016-03-30 00:14:34,585 - socket_app_py - INFO - Checking the integrity of the message 'sdfsdfsdf, jljljkljkljkljkl, 456456456456'
2016-03-30 00:14:34,586 - socket_app_py - INFO - The integrity of the message 'sdfsdfsdf, jljljkljkljkljkl, 456456456456' is correct
2016-03-30 00:14:34,586 - socket_app_py - INFO - Inserting NONCE in the Data Base...
2016-03-30 00:14:34,586 - socket_app_py - DEBUG - INSERT statement: INSERT INTO transmission (nonce, insert_date, hex_hmac, integrity) VALUES ('a1debbbb45bc641d37bd28979c9889d7b76bd33d1e6e27cc6ca7720865e3b6a8',?,'cf0f110f49d6d087d2a7d58ad185bded6e1fb17b6b751b171e1660bb29fe320c',?);
2016-03-30 00:14:34,692 - socket_app_py - INFO - The NONCE has been saved correctly in the Data Base

2016-03-30 00:14:34,693 - socket_app_py - INFO - Sending data back to 127.0.0.1 (client socket).
2016-03-30 00:14:34,693 - socket_app_py - INFO - Data sent.
2016-03-30 00:14:44,782 - socket_app_py - INFO - Stopping the server...
2016-03-30 00:14:44,782 - socket_app_py - INFO - Error while trying to stop the server.


2016-03-30 00:14:44,783 - socket_app_py - DEBUG - Traceback (most recent call last):
  File "C:\Users\Dani\PycharmProjects\SSII_Proyecto_3\server_socket.py", line 113, in stop_server
    self.socket.shutdown(sck.SHUT_RDWR)  # To close the server
AttributeError: 'SSLServerSocket' object has no attribute 'socket'



2016-03-30 00:43:16,029 - socket_app_py - INFO - Stopping the server...
2016-03-30 00:43:16,029 - socket_app_py - INFO - Error while trying to stop the server.


2016-03-30 00:43:16,030 - socket_app_py - DEBUG - Traceback (most recent call last):
  File "C:\Users\Dani\PycharmProjects\SSII_Proyecto_3\server_socket.py", line 113, in stop_server
    self.socket.shutdown(sck.SHUT_RDWR)  # To close the server
AttributeError: 'SSLServerSocket' object has no attribute 'socket'



2016-03-30 00:43:16,030 - socket_app_py - INFO - Closing the server...
2016-03-30 00:43:16,030 - socket_app_py - INFO - Error while trying to close the server.


2016-03-30 00:43:16,030 - socket_app_py - DEBUG - Traceback (most recent call last):
  File "C:\Users\Dani\PycharmProjects\SSII_Proyecto_3\server_socket.py", line 123, in close_server
    self.socket.server_close()  # To close the server
AttributeError: 'SSLServerSocket' object has no attribute 'socket'



2016-03-30 00:55:42,907 - socket_app_py - INFO - Creating the server socket...
2016-03-30 00:55:42,909 - socket_app_py - INFO - Starting server...
2016-03-30 00:55:42,909 - socket_app_py - INFO - Server socket started successfully. The server will run forever

2016-03-30 00:56:13,659 - socket_app_py - INFO - Creating the server socket...
2016-03-30 00:56:13,660 - socket_app_py - INFO - Starting server...
2016-03-30 00:56:13,661 - socket_app_py - INFO - Server socket started successfully. The server will run forever

2016-03-30 00:57:29,979 - socket_app_py - INFO - Creating the server socket...
2016-03-30 00:57:29,980 - socket_app_py - INFO - Starting server...
2016-03-30 00:57:29,981 - socket_app_py - INFO - Server socket started successfully. The server will run forever

2016-03-30 00:58:45,882 - socket_app_py - INFO - Creating the server socket...
2016-03-30 00:58:45,884 - socket_app_py - INFO - Starting server...
2016-03-30 00:58:45,884 - socket_app_py - INFO - Server socket started successfully. The server will run forever

2016-03-30 00:59:35,453 - socket_app_py - INFO - Retrieving data...
2016-03-30 00:59:44,660 - socket_app_py - INFO - 127.0.0.1 wrote: {"message": "aaaaa, bbbbb, ccccc", "nonce": "5c02b17f85ea62daee6d811c97315d297c5dcc963ae3cff40560bc0d973001e7", "hmac": "ae47493ca6acb361257ec51c698a87d1a8f179c3aec8af7a4d562ca4115031cd"}
2016-03-30 00:59:44,661 - socket_app_py - DEBUG - Check table statement: SELECT * FROM sqlite_master WHERE name ='transmission' and type='table';
2016-03-30 00:59:44,662 - socket_app_py - INFO - Checking if the table transmission exists...
2016-03-30 00:59:44,662 - socket_app_py - INFO - The table transmission already exists

2016-03-30 00:59:44,662 - socket_app_py - INFO - Checking the NONCE...
2016-03-30 00:59:44,663 - socket_app_py - INFO - The NONCE 5c02b17f85ea62daee6d811c97315d297c5dcc963ae3cff40560bc0d973001e7 isn't in the database
2016-03-30 00:59:44,663 - socket_app_py - INFO - Checking the integrity of the message 'aaaaa, bbbbb, ccccc'
2016-03-30 00:59:44,664 - socket_app_py - INFO - The integrity of the message 'aaaaa, bbbbb, ccccc' is correct
2016-03-30 00:59:44,664 - socket_app_py - INFO - Inserting NONCE in the Data Base...
2016-03-30 00:59:44,664 - socket_app_py - DEBUG - INSERT statement: INSERT INTO transmission (nonce, insert_date, hex_hmac, integrity) VALUES ('5c02b17f85ea62daee6d811c97315d297c5dcc963ae3cff40560bc0d973001e7',?,'ae47493ca6acb361257ec51c698a87d1a8f179c3aec8af7a4d562ca4115031cd',?);
2016-03-30 00:59:44,877 - socket_app_py - INFO - The NONCE has been saved correctly in the Data Base

2016-03-30 00:59:44,878 - socket_app_py - INFO - Sending data back to 127.0.0.1 (client socket).
2016-03-30 00:59:44,879 - socket_app_py - INFO - Data sent.
2016-03-30 01:20:45,545 - socket_app_py - INFO - Stopping the server...
2016-03-30 01:20:45,545 - socket_app_py - INFO - Error while trying to stop the server.


2016-03-30 01:20:45,546 - socket_app_py - DEBUG - Traceback (most recent call last):
  File "C:\Users\Dani\PycharmProjects\SSII_Proyecto_3\server_socket.py", line 113, in stop_server
    self.socket.shutdown(sck.SHUT_RDWR)  # To close the server
TypeError: shutdown() takes 1 positional argument but 2 were given



2016-03-30 01:20:48,173 - socket_app_py - INFO - Stopping the server...
2016-03-30 01:20:48,173 - socket_app_py - INFO - Error while trying to stop the server.


2016-03-30 01:20:48,173 - socket_app_py - DEBUG - Traceback (most recent call last):
  File "C:\Users\Dani\PycharmProjects\SSII_Proyecto_3\server_socket.py", line 113, in stop_server
    self.socket.shutdown(sck.SHUT_RDWR)  # To close the server
TypeError: shutdown() takes 1 positional argument but 2 were given



2016-03-30 01:20:48,173 - socket_app_py - INFO - Closing the server...
2016-03-30 01:20:48,174 - socket_app_py - INFO - Server closed successfully.


2016-03-30 01:20:48,174 - socket_app_py - INFO - Error while trying to start the server.


2016-03-30 01:20:48,175 - socket_app_py - DEBUG - Traceback (most recent call last):
  File "C:\Users\Dani\PycharmProjects\SSII_Proyecto_3\server_socket.py", line 96, in run_server
    self.socket.serve_forever()  # The server will run forever
  File "C:\Users\Dani\AppData\Local\Programs\Python\Python35-32\lib\socketserver.py", line 237, in serve_forever
    ready = selector.select(poll_interval)
  File "C:\Users\Dani\AppData\Local\Programs\Python\Python35-32\lib\selectors.py", line 314, in select
    r, w, _ = self._select(self._readers, self._writers, [], timeout)
  File "C:\Users\Dani\AppData\Local\Programs\Python\Python35-32\lib\selectors.py", line 305, in _select
    r, w, x = select.select(r, w, w, timeout)
OSError: [WinError 10038] Se intentó realizar una operación en un elemento que no es un socket



2016-03-30 01:21:08,681 - socket_app_py - INFO - Creating the server socket...
2016-03-30 01:21:08,683 - socket_app_py - INFO - Starting server...
2016-03-30 01:21:08,683 - socket_app_py - INFO - Server socket started successfully. The server will run forever

2016-03-30 01:21:17,424 - socket_app_py - INFO - Stopping the server...
2016-03-30 01:21:17,424 - socket_app_py - INFO - Error while trying to stop the server.


2016-03-30 01:21:17,425 - socket_app_py - DEBUG - Traceback (most recent call last):
  File "C:\Users\Dani\PycharmProjects\SSII_Proyecto_3\server_socket.py", line 113, in stop_server
    self.socket.shutdown(sck.SHUT_RDWR)  # To close the server
TypeError: shutdown() takes 1 positional argument but 2 were given



2016-03-30 01:22:31,251 - socket_app_py - INFO - Creating the server socket...
2016-03-30 01:22:31,252 - socket_app_py - INFO - Starting server...
2016-03-30 01:22:31,253 - socket_app_py - INFO - Server socket started successfully. The server will run forever

2016-03-30 01:22:34,585 - socket_app_py - INFO - Stopping the server...
2016-03-30 01:22:34,756 - socket_app_py - INFO - Server stopped successfully.

2016-03-30 01:22:38,328 - socket_app_py - INFO - Stopping the server...
2016-03-30 01:22:38,328 - socket_app_py - INFO - Server stopped successfully.

2016-03-30 01:22:38,328 - socket_app_py - INFO - Closing the server...
2016-03-30 01:22:38,328 - socket_app_py - INFO - Server closed successfully.


2016-03-30 01:23:02,899 - socket_app_py - INFO - Creating the server socket...
2016-03-30 01:23:02,900 - socket_app_py - INFO - Starting server...
2016-03-30 01:23:02,901 - socket_app_py - INFO - Server socket started successfully. The server will run forever

2016-03-30 01:23:08,516 - socket_app_py - INFO - Retrieving data...
2016-03-30 01:23:09,331 - socket_app_py - INFO - No data was sent.
2016-03-30 01:23:40,788 - socket_app_py - INFO - Stopping the server...
2016-03-30 01:23:41,047 - socket_app_py - INFO - Server stopped successfully.

2016-03-30 01:23:43,077 - socket_app_py - INFO - Stopping the server...
2016-03-30 01:23:43,078 - socket_app_py - INFO - Server stopped successfully.

2016-03-30 01:23:43,078 - socket_app_py - INFO - Closing the server...
2016-03-30 01:23:43,078 - socket_app_py - INFO - Server closed successfully.


2016-03-30 01:29:08,953 - socket_app_py - INFO - Creating the server socket...
2016-03-30 01:29:08,954 - socket_app_py - INFO - Starting server...
2016-03-30 01:29:08,955 - socket_app_py - INFO - Server socket started successfully. The server will run forever

2016-03-30 01:29:58,606 - socket_app_py - INFO - Creating the server socket...
2016-03-30 01:29:58,611 - socket_app_py - INFO - Starting server...
2016-03-30 01:29:58,611 - socket_app_py - INFO - Server socket started successfully. The server will run forever

2016-03-30 01:31:21,891 - socket_app_py - INFO - Creating the server socket...
2016-03-30 01:31:21,892 - socket_app_py - INFO - Starting server...
2016-03-30 01:31:21,892 - socket_app_py - INFO - Server socket started successfully. The server will run forever

2016-03-30 01:31:27,029 - socket_app_py - INFO - Retrieving data...
2016-03-30 01:31:31,517 - socket_app_py - INFO - 127.0.0.1 wrote: {"message": "sdfsdfsdf, sdfsfsdfsd, fsdfsfsdfsdf", "hmac": "ef850ac0a83c269380bcd4ca530511feb29764191b5ef53aec90274961561040", "nonce": "6e6455907bdcb31863456049eb4824cdd11b49086b979494a41df4a525d25d06"}
2016-03-30 01:31:31,518 - socket_app_py - DEBUG - Check table statement: SELECT * FROM sqlite_master WHERE name ='transmission' and type='table';
2016-03-30 01:31:31,519 - socket_app_py - INFO - Checking if the table transmission exists...
2016-03-30 01:31:31,519 - socket_app_py - INFO - The table transmission already exists

2016-03-30 01:31:31,519 - socket_app_py - INFO - Checking the NONCE...
2016-03-30 01:31:31,520 - socket_app_py - INFO - The NONCE 6e6455907bdcb31863456049eb4824cdd11b49086b979494a41df4a525d25d06 isn't in the database
2016-03-30 01:31:31,520 - socket_app_py - INFO - Checking the integrity of the message 'sdfsdfsdf, sdfsfsdfsd, fsdfsfsdfsdf'
2016-03-30 01:31:31,520 - socket_app_py - INFO - The integrity of the message 'sdfsdfsdf, sdfsfsdfsd, fsdfsfsdfsdf' is correct
2016-03-30 01:31:31,521 - socket_app_py - INFO - Inserting NONCE in the Data Base...
2016-03-30 01:31:31,521 - socket_app_py - DEBUG - INSERT statement: INSERT INTO transmission (nonce, insert_date, hex_hmac, integrity) VALUES ('6e6455907bdcb31863456049eb4824cdd11b49086b979494a41df4a525d25d06',?,'ef850ac0a83c269380bcd4ca530511feb29764191b5ef53aec90274961561040',?);
2016-03-30 01:31:31,636 - socket_app_py - INFO - The NONCE has been saved correctly in the Data Base

2016-03-30 01:31:31,636 - socket_app_py - INFO - Sending data back to 127.0.0.1 (client socket).
2016-03-30 01:31:31,638 - socket_app_py - INFO - Data sent.
2016-03-30 19:01:42,888 - socket_app_py - INFO - Creating the server socket...
2016-03-30 19:01:42,978 - socket_app_py - INFO - Starting server...
2016-03-30 19:01:42,979 - socket_app_py - INFO - Server socket started successfully. The server will run forever

2016-03-30 19:01:46,254 - socket_app_py - INFO - Retrieving data...
2016-03-30 19:01:52,759 - socket_app_py - INFO - 127.0.0.1 wrote: {"message": "kjhkjh, jkhkjhjkhjk, dfgdfgdg", "hmac": "729baa03ca54f12686dcc334f8dcc1f940914a8b21051f25484bb8d334b8b9b6", "nonce": "91524fa7953cec009f9ec83923b796c6dcc07a8aaad05ead92c6f894cdb5031e"}
2016-03-30 19:01:52,868 - socket_app_py - DEBUG - Check table statement: SELECT * FROM sqlite_master WHERE name ='transmission' and type='table';
2016-03-30 19:01:52,872 - socket_app_py - INFO - Checking if the table transmission exists...
2016-03-30 19:01:52,872 - socket_app_py - INFO - The table transmission already exists

2016-03-30 19:01:52,873 - socket_app_py - INFO - Checking the NONCE...
2016-03-30 19:01:52,873 - socket_app_py - INFO - The NONCE 91524fa7953cec009f9ec83923b796c6dcc07a8aaad05ead92c6f894cdb5031e isn't in the database
2016-03-30 19:01:52,874 - socket_app_py - INFO - Checking the integrity of the message 'kjhkjh, jkhkjhjkhjk, dfgdfgdg'
2016-03-30 19:01:52,874 - socket_app_py - INFO - The integrity of the message 'kjhkjh, jkhkjhjkhjk, dfgdfgdg' is correct
2016-03-30 19:01:52,874 - socket_app_py - INFO - Inserting NONCE in the Data Base...
2016-03-30 19:01:52,875 - socket_app_py - DEBUG - INSERT statement: INSERT INTO transmission (nonce, insert_date, hex_hmac, integrity) VALUES ('91524fa7953cec009f9ec83923b796c6dcc07a8aaad05ead92c6f894cdb5031e',?,'729baa03ca54f12686dcc334f8dcc1f940914a8b21051f25484bb8d334b8b9b6',?);
2016-03-30 19:01:53,081 - socket_app_py - INFO - The NONCE has been saved correctly in the Data Base

2016-03-30 19:01:53,081 - socket_app_py - INFO - Sending data back to 127.0.0.1 (client socket).
2016-03-30 19:01:53,081 - socket_app_py - INFO - Data sent.
2016-03-30 19:04:17,634 - socket_app_py - INFO - Stopping the server...
2016-03-30 19:04:17,921 - socket_app_py - INFO - Server stopped successfully.

2016-03-30 19:04:17,921 - socket_app_py - INFO - Closing the server...
2016-03-30 19:04:17,921 - socket_app_py - INFO - Server closed successfully.


2016-03-30 19:05:27,112 - socket_app_py - INFO - Creating the server socket...
2016-03-30 19:05:27,113 - socket_app_py - INFO - Starting server...
2016-03-30 19:05:27,113 - socket_app_py - INFO - Server socket started successfully. The server will run forever

2016-03-30 19:05:31,177 - socket_app_py - INFO - Retrieving data...
2016-03-30 19:05:36,036 - socket_app_py - INFO - 127.0.0.1 wrote: {"nonce": "31f7f13d52bcc1250f2e7cf2086e531143f799093dcb56d7e9aa26c88da817d5", "message": "dfgsdfgsfg, sdfgsdfgsdfgsdf, gsdgsdfgsdfgsdfg", "hmac": "593addb38b0c9093171b7cb9c959ffeb219f2200b2dc9b9b438fe3519501b6f6"}
2016-03-30 19:05:36,037 - socket_app_py - DEBUG - Check table statement: SELECT * FROM sqlite_master WHERE name ='transmission' and type='table';
2016-03-30 19:05:36,038 - socket_app_py - INFO - Checking if the table transmission exists...
2016-03-30 19:05:36,038 - socket_app_py - INFO - The table transmission already exists

2016-03-30 19:05:36,038 - socket_app_py - INFO - Checking the NONCE...
2016-03-30 19:05:36,039 - socket_app_py - INFO - The NONCE 31f7f13d52bcc1250f2e7cf2086e531143f799093dcb56d7e9aa26c88da817d5 isn't in the database
2016-03-30 19:05:36,039 - socket_app_py - INFO - Checking the integrity of the message 'dfgsdfgsfg, sdfgsdfgsdfgsdf, gsdgsdfgsdfgsdfg'
2016-03-30 19:05:36,040 - socket_app_py - INFO - The integrity of the message 'dfgsdfgsfg, sdfgsdfgsdfgsdf, gsdgsdfgsdfgsdfg' is correct
2016-03-30 19:05:36,040 - socket_app_py - INFO - Inserting NONCE in the Data Base...
2016-03-30 19:05:36,040 - socket_app_py - DEBUG - INSERT statement: INSERT INTO transmission (nonce, insert_date, hex_hmac, integrity) VALUES ('31f7f13d52bcc1250f2e7cf2086e531143f799093dcb56d7e9aa26c88da817d5',?,'593addb38b0c9093171b7cb9c959ffeb219f2200b2dc9b9b438fe3519501b6f6',?);
2016-03-30 19:05:36,183 - socket_app_py - INFO - The NONCE has been saved correctly in the Data Base

2016-03-30 19:05:36,183 - socket_app_py - INFO - Sending data back to 127.0.0.1 (client socket).
2016-03-30 19:05:36,184 - socket_app_py - INFO - Data sent.
2016-03-30 19:05:41,020 - socket_app_py - INFO - Stopping the server...
2016-03-30 19:05:41,185 - socket_app_py - INFO - Server stopped successfully.

2016-03-30 19:05:44,082 - socket_app_py - INFO - Stopping the server...
2016-03-30 19:05:44,082 - socket_app_py - INFO - Server stopped successfully.

2016-03-30 19:05:44,082 - socket_app_py - INFO - Closing the server...
2016-03-30 19:05:44,082 - socket_app_py - INFO - Server closed successfully.


2016-03-30 23:44:09,431 - socket_app_py - INFO - Creating the server socket...
2016-03-30 23:44:09,509 - socket_app_py - INFO - Starting server...
2016-03-30 23:44:09,509 - socket_app_py - INFO - Server socket started successfully. The server will run forever

2016-03-30 23:44:14,318 - socket_app_py - INFO - Retrieving data...
2016-03-30 23:44:19,211 - socket_app_py - INFO - 127.0.0.1 wrote: {"nonce": "cdf9d413a1e131d705e5fc9475d976668393a366570a638ba01b2fb851ac12fc", "hmac": "2dc75049b10fb0bdee043fdd1a1ed73ceba407366797945f81936d9c0ebf5d3d", "message": "asdfasdfasdfa, adsfafasfasfd, adsfasfasdfasdf"}
2016-03-30 23:44:19,245 - socket_app_py - DEBUG - Check table statement: SELECT * FROM sqlite_master WHERE name ='transmission' and type='table';
2016-03-30 23:44:19,249 - socket_app_py - INFO - Checking if the table transmission exists...
2016-03-30 23:44:19,250 - socket_app_py - INFO - The table transmission already exists

2016-03-30 23:44:19,250 - socket_app_py - INFO - Checking the NONCE...
2016-03-30 23:44:19,251 - socket_app_py - INFO - The NONCE cdf9d413a1e131d705e5fc9475d976668393a366570a638ba01b2fb851ac12fc isn't in the database
2016-03-30 23:44:19,251 - socket_app_py - INFO - Checking the integrity of the message 'asdfasdfasdfa, adsfafasfasfd, adsfasfasdfasdf'
2016-03-30 23:44:19,252 - socket_app_py - INFO - The integrity of the message 'asdfasdfasdfa, adsfafasfasfd, adsfasfasdfasdf' is correct
2016-03-30 23:44:19,252 - socket_app_py - INFO - Inserting NONCE in the Data Base...
2016-03-30 23:44:19,252 - socket_app_py - DEBUG - INSERT statement: INSERT INTO transmission (nonce, insert_date, hex_hmac, integrity) VALUES ('cdf9d413a1e131d705e5fc9475d976668393a366570a638ba01b2fb851ac12fc',?,'2dc75049b10fb0bdee043fdd1a1ed73ceba407366797945f81936d9c0ebf5d3d',?);
2016-03-30 23:44:19,412 - socket_app_py - INFO - The NONCE has been saved correctly in the Data Base

2016-03-30 23:44:19,413 - socket_app_py - INFO - Sending data back to 127.0.0.1 (client socket).
2016-03-30 23:44:19,413 - socket_app_py - INFO - Data sent.
2016-03-30 23:44:26,955 - socket_app_py - INFO - Stopping the server...
2016-03-30 23:44:27,331 - socket_app_py - INFO - Server stopped successfully.

2016-03-30 23:44:29,301 - socket_app_py - INFO - Stopping the server...
2016-03-30 23:44:29,301 - socket_app_py - INFO - Server stopped successfully.

2016-03-30 23:44:29,302 - socket_app_py - INFO - Closing the server...
2016-03-30 23:44:29,302 - socket_app_py - INFO - Server closed successfully.


2016-03-31 00:05:50,556 - socket_app_py - INFO - Creating the server socket...
2016-03-31 00:05:50,558 - socket_app_py - INFO - Starting server...
2016-03-31 00:05:50,558 - socket_app_py - INFO - Server socket started successfully. The server will run forever

2016-03-31 00:05:54,465 - socket_app_py - INFO - Retrieving data...
2016-03-31 00:05:58,705 - socket_app_py - INFO - 127.0.0.1 wrote: {"hmac": "fddea984e962dc9bc20078e8748045369b20cdaa7122178badab83fdb2e4c329", "message": "sdfgsdfgsdfg, sgsdfgsdfg, sgsdfgsdfgsdfg", "nonce": "2a0707c953ad83d9fb690f547c159e34f3d0640137541c7447141ebb51250a8c"}
2016-03-31 00:05:58,706 - socket_app_py - DEBUG - Check table statement: SELECT * FROM sqlite_master WHERE name ='transmission' and type='table';
2016-03-31 00:05:58,706 - socket_app_py - INFO - Checking if the table transmission exists...
2016-03-31 00:05:58,706 - socket_app_py - INFO - The table transmission already exists

2016-03-31 00:05:58,707 - socket_app_py - INFO - Checking the NONCE...
2016-03-31 00:05:58,707 - socket_app_py - INFO - The NONCE 2a0707c953ad83d9fb690f547c159e34f3d0640137541c7447141ebb51250a8c isn't in the database
2016-03-31 00:05:58,708 - socket_app_py - INFO - Checking the integrity of the message 'sdfgsdfgsdfg, sgsdfgsdfg, sgsdfgsdfgsdfg'
2016-03-31 00:05:58,708 - socket_app_py - INFO - The integrity of the message 'sdfgsdfgsdfg, sgsdfgsdfg, sgsdfgsdfgsdfg' is correct
2016-03-31 00:05:58,709 - socket_app_py - INFO - Inserting NONCE in the Data Base...
2016-03-31 00:05:58,709 - socket_app_py - DEBUG - INSERT statement: INSERT INTO transmission (nonce, insert_date, hex_hmac, integrity) VALUES ('2a0707c953ad83d9fb690f547c159e34f3d0640137541c7447141ebb51250a8c',?,'fddea984e962dc9bc20078e8748045369b20cdaa7122178badab83fdb2e4c329',?);
2016-03-31 00:05:58,863 - socket_app_py - INFO - The NONCE has been saved correctly in the Data Base

2016-03-31 00:05:58,863 - socket_app_py - INFO - Sending data back to 127.0.0.1 (client socket).
2016-03-31 00:05:58,863 - socket_app_py - INFO - Data sent.
2016-03-31 00:06:05,725 - socket_app_py - INFO - Stopping the server...
2016-03-31 00:06:05,976 - socket_app_py - INFO - Server stopped successfully.

2016-03-31 00:06:08,314 - socket_app_py - INFO - Stopping the server...
2016-03-31 00:06:08,314 - socket_app_py - INFO - Server stopped successfully.

2016-03-31 00:06:08,314 - socket_app_py - INFO - Closing the server...
2016-03-31 00:06:08,314 - socket_app_py - INFO - Server closed successfully.


2016-03-31 00:11:33,362 - socket_app_py - INFO - Creating the server socket...
2016-03-31 00:11:33,363 - socket_app_py - INFO - Starting server...
2016-03-31 00:11:33,363 - socket_app_py - INFO - Server socket started successfully. The server will run forever

2016-03-31 00:13:53,565 - socket_app_py - INFO - Creating the server socket...
2016-03-31 00:13:53,567 - socket_app_py - INFO - Starting server...
2016-03-31 00:13:53,568 - socket_app_py - INFO - Server socket started successfully. The server will run forever

2016-03-31 00:13:57,663 - socket_app_py - INFO - Retrieving data...
2016-03-31 00:14:01,204 - socket_app_py - INFO - 127.0.0.1 wrote: {"message": "sdgsdfg, sdfgsdfgsdfg, sdgsdfgsdfg", "hmac": "3c9c8b2e5efbca0493d1f0e6321591acbc0cab996d96c0f60923006edeb5b5cc", "nonce": "6f045f035e705e154a5b8c79835334a69707b1be0548c2a648549b45b545c9a6"}
2016-03-31 00:14:01,205 - socket_app_py - DEBUG - Check table statement: SELECT * FROM sqlite_master WHERE name ='transmission' and type='table';
2016-03-31 00:14:01,206 - socket_app_py - INFO - Checking if the table transmission exists...
2016-03-31 00:14:01,206 - socket_app_py - INFO - The table transmission already exists

2016-03-31 00:14:01,206 - socket_app_py - INFO - Checking the NONCE...
2016-03-31 00:14:01,207 - socket_app_py - INFO - The NONCE 6f045f035e705e154a5b8c79835334a69707b1be0548c2a648549b45b545c9a6 isn't in the database
2016-03-31 00:14:01,207 - socket_app_py - INFO - Checking the integrity of the message 'sdgsdfg, sdfgsdfgsdfg, sdgsdfgsdfg'
2016-03-31 00:14:01,207 - socket_app_py - INFO - The integrity of the message 'sdgsdfg, sdfgsdfgsdfg, sdgsdfgsdfg' is correct
2016-03-31 00:14:01,208 - socket_app_py - INFO - Inserting NONCE in the Data Base...
2016-03-31 00:14:01,208 - socket_app_py - DEBUG - INSERT statement: INSERT INTO transmission (nonce, insert_date, hex_hmac, integrity) VALUES ('6f045f035e705e154a5b8c79835334a69707b1be0548c2a648549b45b545c9a6',?,'3c9c8b2e5efbca0493d1f0e6321591acbc0cab996d96c0f60923006edeb5b5cc',?);
2016-03-31 00:14:01,424 - socket_app_py - INFO - The NONCE has been saved correctly in the Data Base

2016-03-31 00:14:01,425 - socket_app_py - INFO - Sending data back to 127.0.0.1 (client socket).
2016-03-31 00:14:01,425 - socket_app_py - INFO - Data sent.
2016-03-31 00:14:08,611 - socket_app_py - INFO - Stopping the server...
2016-03-31 00:14:08,673 - socket_app_py - INFO - Server stopped successfully.

2016-03-31 00:14:10,515 - socket_app_py - INFO - Stopping the server...
2016-03-31 00:14:10,516 - socket_app_py - INFO - Server stopped successfully.

2016-03-31 00:14:10,516 - socket_app_py - INFO - Closing the server...
2016-03-31 00:14:10,516 - socket_app_py - INFO - Server closed successfully.


2016-03-31 00:16:42,928 - socket_app_py - INFO - Creating the server socket...
2016-03-31 00:16:42,929 - socket_app_py - INFO - Starting server...
2016-03-31 00:16:42,930 - socket_app_py - INFO - Server socket started successfully. The server will run forever

2016-03-31 00:16:51,519 - socket_app_py - INFO - Stopping the server...
2016-03-31 00:17:39,472 - socket_app_py - INFO - Creating the server socket...
2016-03-31 00:17:39,473 - socket_app_py - INFO - Starting server...
2016-03-31 00:17:39,473 - socket_app_py - INFO - Server socket started successfully. The server will run forever

2016-03-31 00:18:29,621 - socket_app_py - INFO - Creating the server socket...
2016-03-31 00:18:29,623 - socket_app_py - INFO - Starting server...
2016-03-31 00:18:29,623 - socket_app_py - INFO - Server socket started successfully. The server will run forever

2016-03-31 00:18:33,010 - socket_app_py - INFO - Retrieving data...
2016-03-31 00:18:35,554 - socket_app_py - INFO - 127.0.0.1 wrote: {"hmac": "85d14ea755445ccad12828ad160ad6f49960dee1c87e378c36eb942683e782db", "message": "afasdfasd, fadfasdfa, fasdfasdfadsf", "nonce": "f7c9a1400eafe3ae964ca34813aa6c850cc21ee03ab5ef253915395c98710d16"}
2016-03-31 00:18:35,555 - socket_app_py - DEBUG - Check table statement: SELECT * FROM sqlite_master WHERE name ='transmission' and type='table';
2016-03-31 00:18:35,556 - socket_app_py - INFO - Checking if the table transmission exists...
2016-03-31 00:18:35,556 - socket_app_py - INFO - The table transmission already exists

2016-03-31 00:18:35,556 - socket_app_py - INFO - Checking the NONCE...
2016-03-31 00:18:35,557 - socket_app_py - INFO - The NONCE f7c9a1400eafe3ae964ca34813aa6c850cc21ee03ab5ef253915395c98710d16 isn't in the database
2016-03-31 00:18:35,558 - socket_app_py - INFO - Checking the integrity of the message 'afasdfasd, fadfasdfa, fasdfasdfadsf'
2016-03-31 00:18:35,558 - socket_app_py - INFO - The integrity of the message 'afasdfasd, fadfasdfa, fasdfasdfadsf' is correct
2016-03-31 00:18:35,558 - socket_app_py - INFO - Inserting NONCE in the Data Base...
2016-03-31 00:18:35,558 - socket_app_py - DEBUG - INSERT statement: INSERT INTO transmission (nonce, insert_date, hex_hmac, integrity) VALUES ('f7c9a1400eafe3ae964ca34813aa6c850cc21ee03ab5ef253915395c98710d16',?,'85d14ea755445ccad12828ad160ad6f49960dee1c87e378c36eb942683e782db',?);
2016-03-31 00:18:35,721 - socket_app_py - INFO - The NONCE has been saved correctly in the Data Base

2016-03-31 00:18:35,721 - socket_app_py - INFO - Sending data back to 127.0.0.1 (client socket).
2016-03-31 00:18:35,722 - socket_app_py - INFO - Data sent.
2016-03-31 00:18:42,672 - socket_app_py - INFO - Stopping the server...
2016-03-31 00:18:43,021 - socket_app_py - INFO - Server stopped successfully.

2016-03-31 00:18:43,021 - socket_app_py - INFO - Closing the server...
2016-03-31 00:18:43,021 - socket_app_py - INFO - Server closed successfully.


2016-03-31 00:27:36,129 - socket_app_py - INFO - Creating the server socket...
2016-03-31 00:27:36,130 - socket_app_py - INFO - Starting server...
2016-03-31 00:27:36,130 - socket_app_py - INFO - Server socket started successfully. The server will run forever

2016-03-31 00:27:41,726 - socket_app_py - INFO - Retrieving data...
2016-03-31 00:27:44,860 - socket_app_py - INFO - 127.0.0.1 wrote: {"hmac": "cbc0a9310d2b7c6c52ec50c45439ccbe2c8596c71c03a9ba6516a0ad11dad08e", "nonce": "1f1fb7c7abc28f7cc06dfb68f8ca20065df9b00e36e3ac1472e7c0ebe995e84e", "message": "sdfsfsd, sdfsfsdf, sdfsfdsfsdf"}
2016-03-31 00:27:44,861 - socket_app_py - DEBUG - Check table statement: SELECT * FROM sqlite_master WHERE name ='transmission' and type='table';
2016-03-31 00:27:44,862 - socket_app_py - INFO - Checking if the table transmission exists...
2016-03-31 00:27:44,862 - socket_app_py - INFO - The table transmission already exists

2016-03-31 00:27:44,862 - socket_app_py - INFO - Checking the NONCE...
2016-03-31 00:27:44,863 - socket_app_py - INFO - The NONCE 1f1fb7c7abc28f7cc06dfb68f8ca20065df9b00e36e3ac1472e7c0ebe995e84e isn't in the database
2016-03-31 00:27:44,863 - socket_app_py - INFO - Checking the integrity of the message 'sdfsfsd, sdfsfsdf, sdfsfdsfsdf'
2016-03-31 00:27:44,864 - socket_app_py - INFO - The integrity of the message 'sdfsfsd, sdfsfsdf, sdfsfdsfsdf' is correct
2016-03-31 00:27:44,864 - socket_app_py - INFO - Inserting NONCE in the Data Base...
2016-03-31 00:27:44,864 - socket_app_py - DEBUG - INSERT statement: INSERT INTO transmission (nonce, insert_date, hex_hmac, integrity) VALUES ('1f1fb7c7abc28f7cc06dfb68f8ca20065df9b00e36e3ac1472e7c0ebe995e84e',?,'cbc0a9310d2b7c6c52ec50c45439ccbe2c8596c71c03a9ba6516a0ad11dad08e',?);
2016-03-31 00:27:45,045 - socket_app_py - INFO - The NONCE has been saved correctly in the Data Base

2016-03-31 00:27:45,046 - socket_app_py - INFO - Sending data back to 127.0.0.1 (client socket).
2016-03-31 00:27:45,047 - socket_app_py - INFO - Data sent.
2016-03-31 00:30:37,447 - socket_app_py - INFO - Stopping the server...
2016-03-31 00:30:37,499 - socket_app_py - INFO - Server stopped successfully.

2016-03-31 00:30:39,127 - socket_app_py - INFO - Stopping the server...
2016-03-31 00:30:39,128 - socket_app_py - INFO - Server stopped successfully.

2016-03-31 00:30:39,128 - socket_app_py - INFO - Closing the server...
2016-03-31 00:30:39,128 - socket_app_py - INFO - Server closed successfully.


2016-03-31 02:53:34,062 - socket_app_py - INFO - Creating the server socket...
2016-03-31 02:53:34,105 - socket_app_py - INFO - Starting server...
2016-03-31 02:53:34,105 - socket_app_py - INFO - Server socket started successfully. The server will run forever

2016-03-31 02:54:24,952 - socket_app_py - INFO - Retrieving data...
2016-03-31 02:54:28,132 - socket_app_py - INFO - No data was sent.
2016-03-31 02:54:39,377 - socket_app_py - INFO - Creating the server socket...
2016-03-31 02:54:39,378 - socket_app_py - INFO - Starting server...
2016-03-31 02:54:39,379 - socket_app_py - INFO - Server socket started successfully. The server will run forever

2016-03-31 02:54:47,694 - socket_app_py - INFO - Retrieving data...
2016-03-31 02:54:51,464 - socket_app_py - INFO - No data was sent.
2016-03-31 02:56:40,676 - socket_app_py - INFO - Retrieving data...
2016-03-31 02:56:45,896 - socket_app_py - INFO - No data was sent.
2016-03-31 02:57:38,045 - socket_app_py - INFO - Retrieving data...
2016-03-31 02:57:38,074 - socket_app_py - INFO - 127.0.0.1 wrote: {"nonce": "3bbd878a8cfc0b0ee2cb77bffe6b96af74d8cd93c1d8b1eab8b42bc40539f604", "hmac": "f452c3e0bf5beb9aa450599c66ad57965e3e6b69f9b865445f83c7c07bd193f5", "message": "{\"username\": \"asfsfasdf\", \"password\": \"asdfasdfa\", \"message\": \"dfasdfadsfadf\"}"}
2016-03-31 02:57:38,094 - socket_app_py - DEBUG - Check table statement: SELECT * FROM sqlite_master WHERE name ='transmission' and type='table';
2016-03-31 02:57:38,099 - socket_app_py - INFO - Checking if the table transmission exists...
2016-03-31 02:57:38,099 - socket_app_py - INFO - The table transmission already exists

2016-03-31 02:57:38,100 - socket_app_py - INFO - Checking the NONCE...
2016-03-31 02:57:38,101 - socket_app_py - INFO - The NONCE 3bbd878a8cfc0b0ee2cb77bffe6b96af74d8cd93c1d8b1eab8b42bc40539f604 isn't in the database
2016-03-31 02:57:38,102 - socket_app_py - INFO - Checking the integrity of the message '{"username": "asfsfasdf", "password": "asdfasdfa", "message": "dfasdfadsfadf"}'
2016-03-31 02:57:38,102 - socket_app_py - INFO - The integrity of the message '{"username": "asfsfasdf", "password": "asdfasdfa", "message": "dfasdfadsfadf"}' is correct
2016-03-31 02:57:38,103 - socket_app_py - INFO - Inserting NONCE in the Data Base...
2016-03-31 02:57:38,104 - socket_app_py - DEBUG - INSERT statement: INSERT INTO transmission (nonce, insert_date, hex_hmac, integrity) VALUES ('3bbd878a8cfc0b0ee2cb77bffe6b96af74d8cd93c1d8b1eab8b42bc40539f604',?,'f452c3e0bf5beb9aa450599c66ad57965e3e6b69f9b865445f83c7c07bd193f5',?);
2016-03-31 02:57:38,232 - socket_app_py - INFO - The NONCE has been saved correctly in the Data Base

2016-03-31 02:57:38,233 - socket_app_py - INFO - Sending data back to 127.0.0.1 (client socket).
2016-03-31 02:57:38,234 - socket_app_py - INFO - Data sent.
2016-03-31 03:01:24,286 - socket_app_py - INFO - Retrieving data...
2016-03-31 03:01:24,288 - socket_app_py - INFO - 127.0.0.1 wrote: {"hmac": "041f003ca5f16540de398eb96ae20c6c1d8b6b66fc6b7130ca0e590cfaa3b71d", "message": "{\"password\": \"sdfsdfsdfsdfsdf\", \"username\": \"fasdfsdf\", \"message\": \"sdfsdfsdfdsf\"}", "nonce": "201b1c5aa34065c6be33c36ae5e2343a209c325e711b8dcc7f57442ae1457af0"}
2016-03-31 03:01:24,288 - socket_app_py - DEBUG - Check table statement: SELECT * FROM sqlite_master WHERE name ='transmission' and type='table';
2016-03-31 03:01:24,289 - socket_app_py - INFO - Checking if the table transmission exists...
2016-03-31 03:01:24,289 - socket_app_py - INFO - The table transmission already exists

2016-03-31 03:01:24,289 - socket_app_py - INFO - Checking the NONCE...
2016-03-31 03:01:24,290 - socket_app_py - INFO - The NONCE 201b1c5aa34065c6be33c36ae5e2343a209c325e711b8dcc7f57442ae1457af0 isn't in the database
2016-03-31 03:01:24,290 - socket_app_py - INFO - Checking the integrity of the message '{"password": "sdfsdfsdfsdfsdf", "username": "fasdfsdf", "message": "sdfsdfsdfdsf"}'
2016-03-31 03:01:24,290 - socket_app_py - INFO - The integrity of the message '{"password": "sdfsdfsdfsdfsdf", "username": "fasdfsdf", "message": "sdfsdfsdfdsf"}' is correct
2016-03-31 03:01:24,291 - socket_app_py - INFO - Inserting NONCE in the Data Base...
2016-03-31 03:01:24,291 - socket_app_py - DEBUG - INSERT statement: INSERT INTO transmission (nonce, insert_date, hex_hmac, integrity) VALUES ('201b1c5aa34065c6be33c36ae5e2343a209c325e711b8dcc7f57442ae1457af0',?,'041f003ca5f16540de398eb96ae20c6c1d8b6b66fc6b7130ca0e590cfaa3b71d',?);
2016-03-31 03:01:24,451 - socket_app_py - INFO - The NONCE has been saved correctly in the Data Base

2016-03-31 03:01:24,452 - socket_app_py - INFO - Sending data back to 127.0.0.1 (client socket).
2016-03-31 03:01:24,453 - socket_app_py - INFO - Data sent.
2016-03-31 03:03:27,742 - socket_app_py - INFO - Retrieving data...
2016-03-31 03:03:27,742 - socket_app_py - INFO - 127.0.0.1 wrote: {"message": "{\"message\": \"sfsdfsdf\", \"password\": \"fsdfsdf\", \"username\": \"sfsdfsd\"}", "nonce": "ade9c924f3ed15464881c361bba7a272f25cdc1eed4c528cf35b6bd5bb257e7f", "hmac": "846e6e372f00dacb234c9ccce7411c5033a6a26aa26e16a5af6fb8868e724a06"}
2016-03-31 03:03:27,743 - socket_app_py - DEBUG - Check table statement: SELECT * FROM sqlite_master WHERE name ='transmission' and type='table';
2016-03-31 03:03:27,743 - socket_app_py - INFO - Checking if the table transmission exists...
2016-03-31 03:03:27,744 - socket_app_py - INFO - The table transmission already exists

2016-03-31 03:03:27,744 - socket_app_py - INFO - Checking the NONCE...
2016-03-31 03:03:27,744 - socket_app_py - INFO - The NONCE ade9c924f3ed15464881c361bba7a272f25cdc1eed4c528cf35b6bd5bb257e7f isn't in the database
2016-03-31 03:03:27,745 - socket_app_py - INFO - Checking the integrity of the message '{"message": "sfsdfsdf", "password": "fsdfsdf", "username": "sfsdfsd"}'
2016-03-31 03:03:27,745 - socket_app_py - INFO - The integrity of the message '{"message": "sfsdfsdf", "password": "fsdfsdf", "username": "sfsdfsd"}' is correct
2016-03-31 03:03:27,745 - socket_app_py - INFO - Inserting NONCE in the Data Base...
2016-03-31 03:03:27,745 - socket_app_py - DEBUG - INSERT statement: INSERT INTO transmission (nonce, insert_date, hex_hmac, integrity) VALUES ('ade9c924f3ed15464881c361bba7a272f25cdc1eed4c528cf35b6bd5bb257e7f',?,'846e6e372f00dacb234c9ccce7411c5033a6a26aa26e16a5af6fb8868e724a06',?);
2016-03-31 03:03:27,867 - socket_app_py - INFO - The NONCE has been saved correctly in the Data Base

2016-03-31 03:03:27,868 - socket_app_py - INFO - Sending data back to 127.0.0.1 (client socket).
2016-03-31 03:03:27,869 - socket_app_py - INFO - Data sent.
2016-03-31 03:05:47,657 - socket_app_py - INFO - Retrieving data...
2016-03-31 03:05:47,657 - socket_app_py - INFO - 127.0.0.1 wrote: {"hmac": "1540ce274c60458771e0131995544ed8a21d8b45c05a2e901765edc7b0400071", "message": "{\"password\": \"adsfasdf\", \"message\": \"asdfadf\", \"username\": \"asfsdf\"}", "nonce": "bea03e98d11e09cb21835db20ddb3800eb719b3315907d02a86a7973a55497a1"}
2016-03-31 03:05:47,658 - socket_app_py - DEBUG - Check table statement: SELECT * FROM sqlite_master WHERE name ='transmission' and type='table';
2016-03-31 03:05:47,658 - socket_app_py - INFO - Checking if the table transmission exists...
2016-03-31 03:05:47,658 - socket_app_py - INFO - The table transmission already exists

2016-03-31 03:05:47,658 - socket_app_py - INFO - Checking the NONCE...
2016-03-31 03:05:47,659 - socket_app_py - INFO - The NONCE bea03e98d11e09cb21835db20ddb3800eb719b3315907d02a86a7973a55497a1 isn't in the database
2016-03-31 03:05:47,659 - socket_app_py - INFO - Checking the integrity of the message '{"password": "adsfasdf", "message": "asdfadf", "username": "asfsdf"}'
2016-03-31 03:05:47,659 - socket_app_py - INFO - The integrity of the message '{"password": "adsfasdf", "message": "asdfadf", "username": "asfsdf"}' is correct
2016-03-31 03:05:47,660 - socket_app_py - INFO - Inserting NONCE in the Data Base...
2016-03-31 03:05:47,660 - socket_app_py - DEBUG - INSERT statement: INSERT INTO transmission (nonce, insert_date, hex_hmac, integrity) VALUES ('bea03e98d11e09cb21835db20ddb3800eb719b3315907d02a86a7973a55497a1',?,'1540ce274c60458771e0131995544ed8a21d8b45c05a2e901765edc7b0400071',?);
2016-03-31 03:05:47,826 - socket_app_py - INFO - The NONCE has been saved correctly in the Data Base

2016-03-31 03:05:47,827 - socket_app_py - INFO - Sending data back to 127.0.0.1 (client socket).
2016-03-31 03:05:47,827 - socket_app_py - INFO - Data sent.
2016-03-31 03:06:27,221 - socket_app_py - INFO - Retrieving data...
2016-03-31 03:06:27,221 - socket_app_py - INFO - 127.0.0.1 wrote: {"nonce": "537e333c7309caf0f9ac5def534df8965f0fd149b322dc8fcf30a683f101f90d", "message": "{\"message\": \"dfasdfasfd\", \"username\": \"adsfasdfa\", \"password\": \"sfdasdfa\"}", "hmac": "ce26209fecb9da811fc6d6042fbe03fbd65fccf5e736bcc7813557c625ba20c5"}
2016-03-31 03:06:27,222 - socket_app_py - DEBUG - Check table statement: SELECT * FROM sqlite_master WHERE name ='transmission' and type='table';
2016-03-31 03:06:27,222 - socket_app_py - INFO - Checking if the table transmission exists...
2016-03-31 03:06:27,223 - socket_app_py - INFO - The table transmission already exists

2016-03-31 03:06:27,223 - socket_app_py - INFO - Checking the NONCE...
2016-03-31 03:06:27,223 - socket_app_py - INFO - The NONCE 537e333c7309caf0f9ac5def534df8965f0fd149b322dc8fcf30a683f101f90d isn't in the database
2016-03-31 03:06:27,224 - socket_app_py - INFO - Checking the integrity of the message '{"message": "dfasdfasfd", "username": "adsfasdfa", "password": "sfdasdfa"}'
2016-03-31 03:06:27,224 - socket_app_py - INFO - The integrity of the message '{"message": "dfasdfasfd", "username": "adsfasdfa", "password": "sfdasdfa"}' is correct
2016-03-31 03:06:27,224 - socket_app_py - INFO - Inserting NONCE in the Data Base...
2016-03-31 03:06:27,224 - socket_app_py - DEBUG - INSERT statement: INSERT INTO transmission (nonce, insert_date, hex_hmac, integrity) VALUES ('537e333c7309caf0f9ac5def534df8965f0fd149b322dc8fcf30a683f101f90d',?,'ce26209fecb9da811fc6d6042fbe03fbd65fccf5e736bcc7813557c625ba20c5',?);
2016-03-31 03:06:27,429 - socket_app_py - INFO - The NONCE has been saved correctly in the Data Base

2016-03-31 03:06:27,430 - socket_app_py - INFO - Sending data back to 127.0.0.1 (client socket).
2016-03-31 03:06:27,430 - socket_app_py - INFO - Data sent.
2016-03-31 03:08:02,825 - socket_app_py - INFO - Retrieving data...
2016-03-31 03:08:02,825 - socket_app_py - INFO - 127.0.0.1 wrote: {"message": "{\"message\": \"asdfasdf\", \"username\": \"sfasdf\", \"password\": \"asfasfasdf\"}", "hmac": "da859ad3fea71da317e2d6bc6b4ad22f14323d00d65a79d159c814e0bc8ae069", "nonce": "098d6cf19417f07a633197fb8c959eff129148b2d41cc761b2d3a747756dc6aa"}
2016-03-31 03:08:02,826 - socket_app_py - DEBUG - Check table statement: SELECT * FROM sqlite_master WHERE name ='transmission' and type='table';
2016-03-31 03:08:02,826 - socket_app_py - INFO - Checking if the table transmission exists...
2016-03-31 03:08:02,827 - socket_app_py - INFO - The table transmission already exists

2016-03-31 03:08:02,827 - socket_app_py - INFO - Checking the NONCE...
2016-03-31 03:08:02,827 - socket_app_py - INFO - The NONCE 098d6cf19417f07a633197fb8c959eff129148b2d41cc761b2d3a747756dc6aa isn't in the database
2016-03-31 03:08:02,828 - socket_app_py - INFO - Checking the integrity of the message '{"message": "asdfasdf", "username": "sfasdf", "password": "asfasfasdf"}'
2016-03-31 03:08:02,828 - socket_app_py - INFO - The integrity of the message '{"message": "asdfasdf", "username": "sfasdf", "password": "asfasfasdf"}' is correct
2016-03-31 03:08:02,828 - socket_app_py - INFO - Inserting NONCE in the Data Base...
2016-03-31 03:08:02,828 - socket_app_py - DEBUG - INSERT statement: INSERT INTO transmission (nonce, insert_date, hex_hmac, integrity) VALUES ('098d6cf19417f07a633197fb8c959eff129148b2d41cc761b2d3a747756dc6aa',?,'da859ad3fea71da317e2d6bc6b4ad22f14323d00d65a79d159c814e0bc8ae069',?);
2016-03-31 03:08:02,986 - socket_app_py - INFO - The NONCE has been saved correctly in the Data Base

2016-03-31 03:08:02,987 - socket_app_py - INFO - Sending data back to 127.0.0.1 (client socket).
2016-03-31 03:08:02,988 - socket_app_py - INFO - Data sent.
2016-03-31 03:09:30,517 - socket_app_py - INFO - Retrieving data...
2016-03-31 03:09:30,518 - socket_app_py - INFO - 127.0.0.1 wrote: {"message": "{\"username\": \"skdfjsdklfjk\", \"password\": \"fkldsjflksjdfkl\", \"message\": \"kfjdslkfjsldf\"}", "nonce": "f91f432f0b55772766233f0a4c9905c4f81d15acb1dde728f4fdf85af3a0551c", "hmac": "8d0ba95aecac9031a1a8762b7a535161e36f930f3b66438c515607db1ff39612"}
2016-03-31 03:09:30,518 - socket_app_py - DEBUG - Check table statement: SELECT * FROM sqlite_master WHERE name ='transmission' and type='table';
2016-03-31 03:09:30,519 - socket_app_py - INFO - Checking if the table transmission exists...
2016-03-31 03:09:30,519 - socket_app_py - INFO - The table transmission already exists

2016-03-31 03:09:30,519 - socket_app_py - INFO - Checking the NONCE...
2016-03-31 03:09:30,520 - socket_app_py - INFO - The NONCE f91f432f0b55772766233f0a4c9905c4f81d15acb1dde728f4fdf85af3a0551c isn't in the database
2016-03-31 03:09:30,520 - socket_app_py - INFO - Checking the integrity of the message '{"username": "skdfjsdklfjk", "password": "fkldsjflksjdfkl", "message": "kfjdslkfjsldf"}'
2016-03-31 03:09:30,520 - socket_app_py - INFO - The integrity of the message '{"username": "skdfjsdklfjk", "password": "fkldsjflksjdfkl", "message": "kfjdslkfjsldf"}' is correct
2016-03-31 03:09:30,520 - socket_app_py - INFO - Inserting NONCE in the Data Base...
2016-03-31 03:09:30,521 - socket_app_py - DEBUG - INSERT statement: INSERT INTO transmission (nonce, insert_date, hex_hmac, integrity) VALUES ('f91f432f0b55772766233f0a4c9905c4f81d15acb1dde728f4fdf85af3a0551c',?,'8d0ba95aecac9031a1a8762b7a535161e36f930f3b66438c515607db1ff39612',?);
2016-03-31 03:09:30,680 - socket_app_py - INFO - The NONCE has been saved correctly in the Data Base

2016-03-31 03:09:30,681 - socket_app_py - INFO - Sending data back to 127.0.0.1 (client socket).
2016-03-31 03:09:30,682 - socket_app_py - INFO - Data sent.
2016-03-31 03:09:54,764 - socket_app_py - INFO - Stopping the server...
2016-03-31 03:09:55,038 - socket_app_py - INFO - Server stopped successfully.

2016-03-31 03:09:57,410 - socket_app_py - INFO - Stopping the server...
2016-03-31 03:09:57,411 - socket_app_py - INFO - Server stopped successfully.

2016-03-31 03:09:57,411 - socket_app_py - INFO - Closing the server...
2016-03-31 03:09:57,411 - socket_app_py - INFO - Server closed successfully.


